{"/home/travis/build/npmtest/node-npmtest-firmata/test.js":{"path":"/home/travis/build/npmtest/node-npmtest-firmata/test.js","s":{"1":2,"2":2,"3":2,"4":2,"5":2,"6":2,"7":2,"8":1,"9":2,"10":2,"11":1,"12":1,"13":1,"14":1,"15":2,"16":2,"17":2,"18":2,"19":1,"20":1,"21":2,"22":2,"23":2,"24":1,"25":1,"26":1,"27":1,"28":1,"29":1,"30":1,"31":1,"32":1,"33":1,"34":1,"35":1,"36":1,"37":1,"38":1,"39":2,"40":2,"41":1,"42":2,"43":2,"44":1,"45":2,"46":2,"47":1,"48":2,"49":2,"50":1,"51":1,"52":1,"53":1,"54":1},"b":{"1":[2,1,1,1],"2":[1,1,1,1],"3":[1,1],"4":[1,1],"5":[1,1],"6":[1,1],"7":[1,1],"8":[1,1],"9":[1,1],"10":[1,1,1],"11":[1,1],"12":[1,1],"13":[1,1],"14":[1,1],"15":[1,1],"16":[1,1],"17":[1,1]},"f":{"1":2,"2":2,"3":2,"4":2,"5":2,"6":1,"7":1,"8":1,"9":2,"10":2,"11":2,"12":2,"13":1},"fnMap":{"1":{"name":"(anonymous_1)","line":12,"loc":{"start":{"line":12,"column":1},"end":{"line":12,"column":13}}},"2":{"name":"(anonymous_2)","line":19,"loc":{"start":{"line":19,"column":5},"end":{"line":19,"column":17}}},"3":{"name":"(anonymous_3)","line":23,"loc":{"start":{"line":23,"column":24},"end":{"line":23,"column":36}}},"4":{"name":"(anonymous_4)","line":61,"loc":{"start":{"line":61,"column":5},"end":{"line":61,"column":17}}},"5":{"name":"(anonymous_5)","line":82,"loc":{"start":{"line":82,"column":5},"end":{"line":82,"column":17}}},"6":{"name":"(anonymous_6)","line":91,"loc":{"start":{"line":91,"column":77},"end":{"line":94,"column":10}}},"7":{"name":"(anonymous_7)","line":112,"loc":{"start":{"line":112,"column":83},"end":{"line":115,"column":10}},"skip":true},"8":{"name":"(anonymous_8)","line":123,"loc":{"start":{"line":123,"column":77},"end":{"line":126,"column":10}},"skip":true},"9":{"name":"(anonymous_9)","line":139,"loc":{"start":{"line":139,"column":12},"end":{"line":139,"column":40}},"skip":true},"10":{"name":"(anonymous_10)","line":147,"loc":{"start":{"line":147,"column":77},"end":{"line":150,"column":10}},"skip":true},"11":{"name":"(anonymous_11)","line":158,"loc":{"start":{"line":158,"column":83},"end":{"line":161,"column":10}},"skip":true},"12":{"name":"(anonymous_12)","line":169,"loc":{"start":{"line":169,"column":79},"end":{"line":172,"column":10}},"skip":true},"13":{"name":"(anonymous_13)","line":180,"loc":{"start":{"line":180,"column":75},"end":{"line":183,"column":10}},"skip":true}},"statementMap":{"1":{"start":{"line":12,"column":0},"end":{"line":195,"column":5}},"2":{"start":{"line":14,"column":4},"end":{"line":14,"column":14}},"3":{"start":{"line":19,"column":4},"end":{"line":56,"column":9}},"4":{"start":{"line":21,"column":8},"end":{"line":21,"column":19}},"5":{"start":{"line":23,"column":8},"end":{"line":35,"column":13}},"6":{"start":{"line":24,"column":12},"end":{"line":34,"column":13}},"7":{"start":{"line":25,"column":16},"end":{"line":28,"column":30}},"8":{"start":{"line":30,"column":16},"end":{"line":33,"column":27}},"9":{"start":{"line":37,"column":8},"end":{"line":39,"column":21}},"10":{"start":{"line":40,"column":8},"end":{"line":53,"column":9}},"11":{"start":{"line":43,"column":12},"end":{"line":46,"column":14}},"12":{"start":{"line":47,"column":12},"end":{"line":47,"column":18}},"13":{"start":{"line":50,"column":12},"end":{"line":51,"column":33}},"14":{"start":{"line":52,"column":12},"end":{"line":52,"column":18}},"15":{"start":{"line":55,"column":8},"end":{"line":55,"column":35}},"16":{"start":{"line":61,"column":4},"end":{"line":63,"column":9}},"17":{"start":{"line":62,"column":8},"end":{"line":62,"column":15}},"18":{"start":{"line":64,"column":4},"end":{"line":77,"column":5}},"19":{"start":{"line":70,"column":8},"end":{"line":70,"column":14}},"20":{"start":{"line":76,"column":8},"end":{"line":76,"column":14}},"21":{"start":{"line":82,"column":4},"end":{"line":84,"column":9}},"22":{"start":{"line":83,"column":8},"end":{"line":83,"column":15}},"23":{"start":{"line":85,"column":4},"end":{"line":194,"column":5}},"24":{"start":{"line":91,"column":8},"end":{"line":99,"column":10}},"25":{"start":{"line":98,"column":12},"end":{"line":98,"column":35}},"26":{"start":{"line":102,"column":8},"end":{"line":104,"column":63}},"27":{"start":{"line":105,"column":8},"end":{"line":105,"column":14}},"28":{"start":{"line":112,"column":8},"end":{"line":121,"column":10},"skip":true},"29":{"start":{"line":119,"column":12},"end":{"line":119,"column":55},"skip":true},"30":{"start":{"line":120,"column":12},"end":{"line":120,"column":48},"skip":true},"31":{"start":{"line":123,"column":8},"end":{"line":136,"column":10},"skip":true},"32":{"start":{"line":130,"column":12},"end":{"line":130,"column":76},"skip":true},"33":{"start":{"line":131,"column":12},"end":{"line":131,"column":73},"skip":true},"34":{"start":{"line":132,"column":12},"end":{"line":132,"column":74},"skip":true},"35":{"start":{"line":133,"column":12},"end":{"line":133,"column":79},"skip":true},"36":{"start":{"line":134,"column":12},"end":{"line":134,"column":25},"skip":true},"37":{"start":{"line":135,"column":12},"end":{"line":135,"column":45},"skip":true},"38":{"start":{"line":138,"column":8},"end":{"line":145,"column":14},"skip":true},"39":{"start":{"line":143,"column":16},"end":{"line":143,"column":29},"skip":true},"40":{"start":{"line":144,"column":16},"end":{"line":144,"column":55},"skip":true},"41":{"start":{"line":147,"column":8},"end":{"line":156,"column":10},"skip":true},"42":{"start":{"line":154,"column":12},"end":{"line":154,"column":25},"skip":true},"43":{"start":{"line":155,"column":12},"end":{"line":155,"column":45},"skip":true},"44":{"start":{"line":158,"column":8},"end":{"line":167,"column":10},"skip":true},"45":{"start":{"line":165,"column":12},"end":{"line":165,"column":25},"skip":true},"46":{"start":{"line":166,"column":12},"end":{"line":166,"column":48},"skip":true},"47":{"start":{"line":169,"column":8},"end":{"line":178,"column":10},"skip":true},"48":{"start":{"line":176,"column":12},"end":{"line":176,"column":25},"skip":true},"49":{"start":{"line":177,"column":12},"end":{"line":177,"column":46},"skip":true},"50":{"start":{"line":180,"column":8},"end":{"line":189,"column":10},"skip":true},"51":{"start":{"line":187,"column":12},"end":{"line":187,"column":94},"skip":true},"52":{"start":{"line":188,"column":12},"end":{"line":188,"column":48},"skip":true},"53":{"start":{"line":192,"column":8},"end":{"line":192,"column":35},"skip":true},"54":{"start":{"line":193,"column":8},"end":{"line":193,"column":14},"skip":true}},"branchMap":{"1":{"line":25,"type":"binary-expr","locations":[{"start":{"line":25,"column":23},"end":{"line":25,"column":62}},{"start":{"line":26,"column":20},"end":{"line":26,"column":70}},{"start":{"line":27,"column":20},"end":{"line":27,"column":71}},{"start":{"line":28,"column":20},"end":{"line":28,"column":29}}]},"2":{"line":30,"type":"binary-expr","locations":[{"start":{"line":30,"column":23},"end":{"line":30,"column":37}},{"start":{"line":31,"column":20},"end":{"line":31,"column":61}},{"start":{"line":32,"column":20},"end":{"line":32,"column":70}},{"start":{"line":33,"column":20},"end":{"line":33,"column":26}}]},"3":{"line":37,"type":"cond-expr","locations":[{"start":{"line":38,"column":14},"end":{"line":38,"column":20}},{"start":{"line":39,"column":14},"end":{"line":39,"column":20}}]},"4":{"line":40,"type":"switch","locations":[{"start":{"line":42,"column":8},"end":{"line":47,"column":18}},{"start":{"line":49,"column":8},"end":{"line":52,"column":18}}]},"5":{"line":44,"type":"binary-expr","locations":[{"start":{"line":44,"column":16},"end":{"line":44,"column":44}},{"start":{"line":44,"column":48},"end":{"line":44,"column":66}}]},"6":{"line":50,"type":"binary-expr","locations":[{"start":{"line":50,"column":21},"end":{"line":50,"column":49}},{"start":{"line":50,"column":53},"end":{"line":50,"column":72}}]},"7":{"line":64,"type":"switch","locations":[{"start":{"line":69,"column":4},"end":{"line":70,"column":14}},{"start":{"line":75,"column":4},"end":{"line":76,"column":14}}]},"8":{"line":85,"type":"switch","locations":[{"start":{"line":90,"column":4},"end":{"line":105,"column":14}},{"start":{"line":111,"column":4},"end":{"line":193,"column":14},"skip":true}]},"9":{"line":91,"type":"binary-expr","locations":[{"start":{"line":91,"column":42},"end":{"line":91,"column":73}},{"start":{"line":91,"column":77},"end":{"line":99,"column":9}}]},"10":{"line":102,"type":"binary-expr","locations":[{"start":{"line":102,"column":18},"end":{"line":102,"column":32}},{"start":{"line":103,"column":12},"end":{"line":103,"column":53}},{"start":{"line":104,"column":12},"end":{"line":104,"column":61}}]},"11":{"line":112,"type":"binary-expr","locations":[{"start":{"line":112,"column":45},"end":{"line":112,"column":79},"skip":true},{"start":{"line":112,"column":83},"end":{"line":121,"column":9},"skip":true}]},"12":{"line":123,"type":"binary-expr","locations":[{"start":{"line":123,"column":42},"end":{"line":123,"column":73},"skip":true},{"start":{"line":123,"column":77},"end":{"line":136,"column":9},"skip":true}]},"13":{"line":138,"type":"binary-expr","locations":[{"start":{"line":138,"column":48},"end":{"line":138,"column":85},"skip":true},{"start":{"line":139,"column":12},"end":{"line":145,"column":13},"skip":true}]},"14":{"line":147,"type":"binary-expr","locations":[{"start":{"line":147,"column":42},"end":{"line":147,"column":73},"skip":true},{"start":{"line":147,"column":77},"end":{"line":156,"column":9},"skip":true}]},"15":{"line":158,"type":"binary-expr","locations":[{"start":{"line":158,"column":45},"end":{"line":158,"column":79},"skip":true},{"start":{"line":158,"column":83},"end":{"line":167,"column":9},"skip":true}]},"16":{"line":169,"type":"binary-expr","locations":[{"start":{"line":169,"column":43},"end":{"line":169,"column":75},"skip":true},{"start":{"line":169,"column":79},"end":{"line":178,"column":9},"skip":true}]},"17":{"line":180,"type":"binary-expr","locations":[{"start":{"line":180,"column":41},"end":{"line":180,"column":71},"skip":true},{"start":{"line":180,"column":75},"end":{"line":189,"column":9},"skip":true}]}},"code":["/* istanbul instrument in package npmtest_firmata */","/*jslint","    bitwise: true,","    browser: true,","    maxerr: 8,","    maxlen: 96,","    node: true,","    nomen: true,","    regexp: true,","    stupid: true","*/","(function () {","    'use strict';","    var local;","","","","    // run shared js-env code - init-before","    (function () {","        // init local","        local = {};","        // init modeJs","        local.modeJs = (function () {","            try {","                return typeof navigator.userAgent === 'string' &&","                    typeof document.querySelector('body') === 'object' &&","                    typeof XMLHttpRequest.prototype.open === 'function' &&","                    'browser';","            } catch (errorCaughtBrowser) {","                return module.exports &&","                    typeof process.versions.node === 'string' &&","                    typeof require('http').createServer === 'function' &&","                    'node';","            }","        }());","        // init global","        local.global = local.modeJs === 'browser'","            ? window","            : global;","        switch (local.modeJs) {","        // re-init local from window.local","        case 'browser':","            local = local.global.utility2.objectSetDefault(","                local.global.utility2_rollup || local.global.local,","                local.global.utility2","            );","            break;","        // re-init local from example.js","        case 'node':","            local = (local.global.utility2_rollup || require('utility2'))","                .requireReadme();","            break;","        }","        // export local","        local.global.local = local;","    }());","","","","    // run shared js-env code - function","    (function () {","        return;","    }());","    switch (local.modeJs) {","","","","    // run browser js-env code - function","    case 'browser':","        break;","","","","    // run node js-env code - function","    case 'node':","        break;","    }","","","","    // run shared js-env code - init-after","    (function () {","        return;","    }());","    switch (local.modeJs) {","","","","    // run browser js-env code - init-after","    case 'browser':","        local.testCase_browser_nullCase = local.testCase_browser_nullCase || function (","            options,","            onError","        ) {","        /*","         * this function will test browsers's null-case handling-behavior-behavior","         */","            onError(null, options);","        };","","        // run tests","        local.nop(local.modeTest &&","            document.querySelector('#testRunButton1') &&","            document.querySelector('#testRunButton1').click());","        break;","","","","    // run node js-env code - init-after","    /* istanbul ignore next */","    case 'node':","        local.testCase_buildApidoc_default = local.testCase_buildApidoc_default || function (","            options,","            onError","        ) {","        /*","         * this function will test buildApidoc's default handling-behavior-behavior","         */","            options = { modulePathList: module.paths };","            local.buildApidoc(options, onError);","        };","","        local.testCase_buildApp_default = local.testCase_buildApp_default || function (","            options,","            onError","        ) {","        /*","         * this function will test buildApp's default handling-behavior-behavior","         */","            local.testCase_buildReadme_default(options, local.onErrorThrow);","            local.testCase_buildLib_default(options, local.onErrorThrow);","            local.testCase_buildTest_default(options, local.onErrorThrow);","            local.testCase_buildCustomOrg_default(options, local.onErrorThrow);","            options = [];","            local.buildApp(options, onError);","        };","","        local.testCase_buildCustomOrg_default = local.testCase_buildCustomOrg_default ||","            function (options, onError) {","            /*","             * this function will test buildCustomOrg's default handling-behavior","             */","                options = {};","                local.buildCustomOrg(options, onError);","            };","","        local.testCase_buildLib_default = local.testCase_buildLib_default || function (","            options,","            onError","        ) {","        /*","         * this function will test buildLib's default handling-behavior","         */","            options = {};","            local.buildLib(options, onError);","        };","","        local.testCase_buildReadme_default = local.testCase_buildReadme_default || function (","            options,","            onError","        ) {","        /*","         * this function will test buildReadme's default handling-behavior-behavior","         */","            options = {};","            local.buildReadme(options, onError);","        };","","        local.testCase_buildTest_default = local.testCase_buildTest_default || function (","            options,","            onError","        ) {","        /*","         * this function will test buildTest's default handling-behavior","         */","            options = {};","            local.buildTest(options, onError);","        };","","        local.testCase_webpage_default = local.testCase_webpage_default || function (","            options,","            onError","        ) {","        /*","         * this function will test webpage's default handling-behavior","         */","            options = { modeCoverageMerge: true, url: local.serverLocalHost + '?modeTest=1' };","            local.browserTest(options, onError);","        };","","        // run test-server","        local.testRunServer(local);","        break;","    }","}());",""],"l":{"12":2,"14":2,"19":2,"21":2,"23":2,"24":2,"25":2,"30":1,"37":2,"40":2,"43":1,"47":1,"50":1,"52":1,"55":2,"61":2,"62":2,"64":2,"70":1,"76":1,"82":2,"83":2,"85":2,"91":1,"98":1,"102":1,"105":1,"112":1,"119":1,"120":1,"123":1,"130":1,"131":1,"132":1,"133":1,"134":1,"135":1,"138":1,"143":2,"144":2,"147":1,"154":2,"155":2,"158":1,"165":2,"166":2,"169":1,"176":2,"177":2,"180":1,"187":1,"188":1,"192":1,"193":1}},"/home/travis/build/npmtest/node-npmtest-firmata/lib.npmtest_firmata.js":{"path":"/home/travis/build/npmtest/node-npmtest-firmata/lib.npmtest_firmata.js","s":{"1":2,"2":2,"3":2,"4":2,"5":2,"6":2,"7":2,"8":1,"9":2,"10":2,"11":2,"12":2,"13":1,"14":1,"15":1,"16":1},"b":{"1":[2,1,1,1],"2":[1,1,1,1],"3":[1,1],"4":[2,2],"5":[1,1]},"f":{"1":2,"2":2,"3":2},"fnMap":{"1":{"name":"(anonymous_1)","line":12,"loc":{"start":{"line":12,"column":1},"end":{"line":12,"column":13}}},"2":{"name":"(anonymous_2)","line":19,"loc":{"start":{"line":19,"column":5},"end":{"line":19,"column":17}}},"3":{"name":"(anonymous_3)","line":23,"loc":{"start":{"line":23,"column":24},"end":{"line":23,"column":36}}}},"statementMap":{"1":{"start":{"line":12,"column":0},"end":{"line":53,"column":5}},"2":{"start":{"line":14,"column":4},"end":{"line":14,"column":14}},"3":{"start":{"line":19,"column":4},"end":{"line":52,"column":9}},"4":{"start":{"line":21,"column":8},"end":{"line":21,"column":19}},"5":{"start":{"line":23,"column":8},"end":{"line":35,"column":13}},"6":{"start":{"line":24,"column":12},"end":{"line":34,"column":13}},"7":{"start":{"line":25,"column":16},"end":{"line":28,"column":30}},"8":{"start":{"line":30,"column":16},"end":{"line":33,"column":27}},"9":{"start":{"line":37,"column":8},"end":{"line":39,"column":21}},"10":{"start":{"line":41,"column":8},"end":{"line":41,"column":54}},"11":{"start":{"line":43,"column":8},"end":{"line":43,"column":52}},"12":{"start":{"line":45,"column":8},"end":{"line":51,"column":9}},"13":{"start":{"line":46,"column":12},"end":{"line":46,"column":58}},"14":{"start":{"line":48,"column":12},"end":{"line":48,"column":35}},"15":{"start":{"line":49,"column":12},"end":{"line":49,"column":49}},"16":{"start":{"line":50,"column":12},"end":{"line":50,"column":43}}},"branchMap":{"1":{"line":25,"type":"binary-expr","locations":[{"start":{"line":25,"column":23},"end":{"line":25,"column":62}},{"start":{"line":26,"column":20},"end":{"line":26,"column":70}},{"start":{"line":27,"column":20},"end":{"line":27,"column":71}},{"start":{"line":28,"column":20},"end":{"line":28,"column":29}}]},"2":{"line":30,"type":"binary-expr","locations":[{"start":{"line":30,"column":23},"end":{"line":30,"column":37}},{"start":{"line":31,"column":20},"end":{"line":31,"column":61}},{"start":{"line":32,"column":20},"end":{"line":32,"column":70}},{"start":{"line":33,"column":20},"end":{"line":33,"column":26}}]},"3":{"line":37,"type":"cond-expr","locations":[{"start":{"line":38,"column":14},"end":{"line":38,"column":20}},{"start":{"line":39,"column":14},"end":{"line":39,"column":20}}]},"4":{"line":41,"type":"binary-expr","locations":[{"start":{"line":41,"column":16},"end":{"line":41,"column":44}},{"start":{"line":41,"column":48},"end":{"line":41,"column":53}}]},"5":{"line":45,"type":"if","locations":[{"start":{"line":45,"column":8},"end":{"line":45,"column":8}},{"start":{"line":45,"column":8},"end":{"line":45,"column":8}}]}},"code":["/* istanbul instrument in package npmtest_firmata */","/*jslint","    bitwise: true,","    browser: true,","    maxerr: 8,","    maxlen: 96,","    node: true,","    nomen: true,","    regexp: true,","    stupid: true","*/","(function () {","    'use strict';","    var local;","","","","    // run shared js-env code - init-before","    (function () {","        // init local","        local = {};","        // init modeJs","        local.modeJs = (function () {","            try {","                return typeof navigator.userAgent === 'string' &&","                    typeof document.querySelector('body') === 'object' &&","                    typeof XMLHttpRequest.prototype.open === 'function' &&","                    'browser';","            } catch (errorCaughtBrowser) {","                return module.exports &&","                    typeof process.versions.node === 'string' &&","                    typeof require('http').createServer === 'function' &&","                    'node';","            }","        }());","        // init global","        local.global = local.modeJs === 'browser'","            ? window","            : global;","        // init utility2_rollup","        local = local.global.utility2_rollup || local;","        // init lib","        local.local = local.npmtest_firmata = local;","        // init exports","        if (local.modeJs === 'browser') {","            local.global.utility2_npmtest_firmata = local;","        } else {","            module.exports = local;","            module.exports.__dirname = __dirname;","            module.exports.module = module;","        }","    }());","}());",""],"l":{"12":2,"14":2,"19":2,"21":2,"23":2,"24":2,"25":2,"30":1,"37":2,"41":2,"43":2,"45":2,"46":1,"48":1,"49":1,"50":1}},"/home/travis/build/npmtest/node-npmtest-firmata/example.js":{"path":"/home/travis/build/npmtest/node-npmtest-firmata/example.js","s":{"1":2,"2":2,"3":2,"4":2,"5":2,"6":2,"7":2,"8":1,"9":2,"10":2,"11":2,"12":2,"13":1,"14":2,"15":2,"16":2,"17":2,"18":2,"19":0,"20":2,"21":1,"22":1,"23":1,"24":1,"25":1,"26":0,"27":0,"28":1,"29":1,"30":2,"31":0,"32":0,"33":0,"34":1,"35":2,"36":2,"37":3,"38":3,"39":3,"40":3,"41":0,"42":3,"43":3,"44":3,"45":1,"46":3,"47":1,"48":1,"49":1,"50":1,"51":1,"52":1,"53":1,"54":1,"55":1,"56":1,"57":0,"58":1,"59":6,"60":6,"61":1,"62":2,"63":0,"64":2,"65":1,"66":1,"67":0,"68":0,"69":0,"70":0,"71":0,"72":0,"73":0,"74":0,"75":0,"76":0,"77":0,"78":0,"79":0,"80":0,"81":0,"82":0,"83":0},"b":{"1":[2,1,1,1],"2":[1,1,1,1],"3":[1,1],"4":[2,2],"5":[1,1],"6":[1,1],"7":[2,0],"8":[2,1,1,1,1,1],"9":[0,2,0],"10":[1,1],"11":[2,1,1],"12":[1,0],"13":[0,2],"14":[2,0,0,0,0,0,0],"15":[0,3],"16":[3,0],"17":[1,1],"18":[0,1],"19":[1,2,0,2],"20":[1,0],"21":[1,1],"22":[0,0],"23":[0,0],"24":[0,0],"25":[0,0],"26":[0,0],"27":[0,0],"28":[0,0]},"f":{"1":2,"2":2,"3":2,"4":2,"5":2,"6":2,"7":3,"8":3,"9":3,"10":1,"11":6,"12":0},"fnMap":{"1":{"name":"(anonymous_1)","line":26,"loc":{"start":{"line":26,"column":1},"end":{"line":26,"column":13}}},"2":{"name":"(anonymous_2)","line":33,"loc":{"start":{"line":33,"column":5},"end":{"line":33,"column":17}}},"3":{"name":"(anonymous_3)","line":37,"loc":{"start":{"line":37,"column":24},"end":{"line":37,"column":36}}},"4":{"name":"(anonymous_4)","line":69,"loc":{"start":{"line":69,"column":31},"end":{"line":69,"column":48}},"skip":true},"5":{"name":"(anonymous_5)","line":78,"loc":{"start":{"line":78,"column":26},"end":{"line":78,"column":45}},"skip":true},"6":{"name":"(anonymous_6)","line":123,"loc":{"start":{"line":123,"column":33},"end":{"line":123,"column":48}},"skip":true},"7":{"name":"(anonymous_7)","line":125,"loc":{"start":{"line":125,"column":27},"end":{"line":125,"column":39}},"skip":true},"8":{"name":"(anonymous_8)","line":133,"loc":{"start":{"line":133,"column":59},"end":{"line":133,"column":74}},"skip":true},"9":{"name":"(anonymous_9)","line":143,"loc":{"start":{"line":143,"column":45},"end":{"line":143,"column":62}},"skip":true},"10":{"name":"(anonymous_10)","line":144,"loc":{"start":{"line":144,"column":73},"end":{"line":144,"column":92}},"skip":true},"11":{"name":"(anonymous_11)","line":272,"loc":{"start":{"line":272,"column":51},"end":{"line":272,"column":77}},"skip":true},"12":{"name":"(anonymous_12)","line":315,"loc":{"start":{"line":315,"column":32},"end":{"line":315,"column":61}},"skip":true}},"statementMap":{"1":{"start":{"line":26,"column":0},"end":{"line":326,"column":5}},"2":{"start":{"line":28,"column":4},"end":{"line":28,"column":14}},"3":{"start":{"line":33,"column":4},"end":{"line":60,"column":9}},"4":{"start":{"line":35,"column":8},"end":{"line":35,"column":19}},"5":{"start":{"line":37,"column":8},"end":{"line":49,"column":13}},"6":{"start":{"line":38,"column":12},"end":{"line":48,"column":13}},"7":{"start":{"line":39,"column":16},"end":{"line":42,"column":30}},"8":{"start":{"line":44,"column":16},"end":{"line":47,"column":27}},"9":{"start":{"line":51,"column":8},"end":{"line":53,"column":21}},"10":{"start":{"line":55,"column":8},"end":{"line":57,"column":45}},"11":{"start":{"line":59,"column":8},"end":{"line":59,"column":35}},"12":{"start":{"line":61,"column":4},"end":{"line":325,"column":5}},"13":{"start":{"line":69,"column":8},"end":{"line":121,"column":10},"skip":true},"14":{"start":{"line":70,"column":12},"end":{"line":88,"column":13},"skip":true},"15":{"start":{"line":76,"column":16},"end":{"line":87,"column":19},"skip":true},"16":{"start":{"line":79,"column":20},"end":{"line":86,"column":21},"skip":true},"17":{"start":{"line":82,"column":24},"end":{"line":82,"column":43},"skip":true},"18":{"start":{"line":83,"column":24},"end":{"line":83,"column":30},"skip":true},"19":{"start":{"line":85,"column":24},"end":{"line":85,"column":49},"skip":true},"20":{"start":{"line":89,"column":12},"end":{"line":107,"column":13},"skip":true},"21":{"start":{"line":92,"column":16},"end":{"line":102,"column":17},"skip":true},"22":{"start":{"line":93,"column":20},"end":{"line":93,"column":86},"skip":true},"23":{"start":{"line":94,"column":20},"end":{"line":95,"column":45},"skip":true},"24":{"start":{"line":96,"column":20},"end":{"line":96,"column":42},"skip":true},"25":{"start":{"line":97,"column":20},"end":{"line":97,"column":48},"skip":true},"26":{"start":{"line":100,"column":20},"end":{"line":100,"column":85},"skip":true},"27":{"start":{"line":101,"column":20},"end":{"line":101,"column":96},"skip":true},"28":{"start":{"line":103,"column":16},"end":{"line":103,"column":22},"skip":true},"29":{"start":{"line":106,"column":16},"end":{"line":106,"column":22},"skip":true},"30":{"start":{"line":108,"column":12},"end":{"line":120,"column":13},"skip":true},"31":{"start":{"line":114,"column":16},"end":{"line":119,"column":17},"skip":true},"32":{"start":{"line":116,"column":20},"end":{"line":116,"column":78},"skip":true},"33":{"start":{"line":118,"column":20},"end":{"line":118,"column":47},"skip":true},"34":{"start":{"line":123,"column":8},"end":{"line":141,"column":11},"skip":true},"35":{"start":{"line":124,"column":12},"end":{"line":124,"column":54},"skip":true},"36":{"start":{"line":125,"column":12},"end":{"line":140,"column":14},"skip":true},"37":{"start":{"line":126,"column":16},"end":{"line":126,"column":28},"skip":true},"38":{"start":{"line":127,"column":16},"end":{"line":127,"column":69},"skip":true},"39":{"start":{"line":128,"column":16},"end":{"line":128,"column":75},"skip":true},"40":{"start":{"line":129,"column":16},"end":{"line":131,"column":17},"skip":true},"41":{"start":{"line":130,"column":20},"end":{"line":130,"column":27},"skip":true},"42":{"start":{"line":133,"column":16},"end":{"line":137,"column":36},"skip":true},"43":{"start":{"line":134,"column":20},"end":{"line":136,"column":55},"skip":true},"44":{"start":{"line":139,"column":16},"end":{"line":139,"column":57},"skip":true},"45":{"start":{"line":143,"column":8},"end":{"line":147,"column":11},"skip":true},"46":{"start":{"line":144,"column":12},"end":{"line":146,"column":15},"skip":true},"47":{"start":{"line":145,"column":16},"end":{"line":145,"column":70},"skip":true},"48":{"start":{"line":149,"column":8},"end":{"line":149,"column":31},"skip":true},"49":{"start":{"line":150,"column":8},"end":{"line":150,"column":14},"skip":true},"50":{"start":{"line":158,"column":8},"end":{"line":158,"column":31},"skip":true},"51":{"start":{"line":160,"column":8},"end":{"line":160,"column":33},"skip":true},"52":{"start":{"line":161,"column":8},"end":{"line":161,"column":37},"skip":true},"53":{"start":{"line":162,"column":8},"end":{"line":162,"column":35},"skip":true},"54":{"start":{"line":164,"column":8},"end":{"line":164,"column":50},"skip":true},"55":{"start":{"line":166,"column":8},"end":{"line":256,"column":2},"skip":true},"56":{"start":{"line":258,"column":8},"end":{"line":286,"column":9},"skip":true},"57":{"start":{"line":259,"column":12},"end":{"line":269,"column":14},"skip":true},"58":{"start":{"line":271,"column":12},"end":{"line":285,"column":19},"skip":true},"59":{"start":{"line":274,"column":20},"end":{"line":274,"column":35},"skip":true},"60":{"start":{"line":275,"column":20},"end":{"line":284,"column":21},"skip":true},"61":{"start":{"line":277,"column":24},"end":{"line":277,"column":64},"skip":true},"62":{"start":{"line":279,"column":24},"end":{"line":279,"column":40},"skip":true},"63":{"start":{"line":281,"column":24},"end":{"line":281,"column":40},"skip":true},"64":{"start":{"line":283,"column":24},"end":{"line":283,"column":39},"skip":true},"65":{"start":{"line":288,"column":8},"end":{"line":290,"column":9},"skip":true},"66":{"start":{"line":289,"column":12},"end":{"line":289,"column":18},"skip":true},"67":{"start":{"line":291,"column":8},"end":{"line":293,"column":54},"skip":true},"68":{"start":{"line":296,"column":8},"end":{"line":301,"column":37},"skip":true},"69":{"start":{"line":303,"column":8},"end":{"line":303,"column":82},"skip":true},"70":{"start":{"line":306,"column":8},"end":{"line":308,"column":9},"skip":true},"71":{"start":{"line":307,"column":12},"end":{"line":307,"column":82},"skip":true},"72":{"start":{"line":310,"column":8},"end":{"line":312,"column":9},"skip":true},"73":{"start":{"line":311,"column":12},"end":{"line":311,"column":18},"skip":true},"74":{"start":{"line":313,"column":8},"end":{"line":313,"column":54},"skip":true},"75":{"start":{"line":314,"column":8},"end":{"line":314,"column":69},"skip":true},"76":{"start":{"line":315,"column":8},"end":{"line":323,"column":36},"skip":true},"77":{"start":{"line":316,"column":12},"end":{"line":316,"column":61},"skip":true},"78":{"start":{"line":317,"column":12},"end":{"line":320,"column":13},"skip":true},"79":{"start":{"line":318,"column":16},"end":{"line":318,"column":75},"skip":true},"80":{"start":{"line":319,"column":16},"end":{"line":319,"column":23},"skip":true},"81":{"start":{"line":321,"column":12},"end":{"line":321,"column":38},"skip":true},"82":{"start":{"line":322,"column":12},"end":{"line":322,"column":27},"skip":true},"83":{"start":{"line":324,"column":8},"end":{"line":324,"column":14},"skip":true}},"branchMap":{"1":{"line":39,"type":"binary-expr","locations":[{"start":{"line":39,"column":23},"end":{"line":39,"column":62}},{"start":{"line":40,"column":20},"end":{"line":40,"column":70}},{"start":{"line":41,"column":20},"end":{"line":41,"column":71}},{"start":{"line":42,"column":20},"end":{"line":42,"column":29}}]},"2":{"line":44,"type":"binary-expr","locations":[{"start":{"line":44,"column":23},"end":{"line":44,"column":37}},{"start":{"line":45,"column":20},"end":{"line":45,"column":61}},{"start":{"line":46,"column":20},"end":{"line":46,"column":70}},{"start":{"line":47,"column":20},"end":{"line":47,"column":26}}]},"3":{"line":51,"type":"cond-expr","locations":[{"start":{"line":52,"column":14},"end":{"line":52,"column":20}},{"start":{"line":53,"column":14},"end":{"line":53,"column":20}}]},"4":{"line":55,"type":"binary-expr","locations":[{"start":{"line":55,"column":16},"end":{"line":55,"column":44}},{"start":{"line":55,"column":49},"end":{"line":57,"column":43}}]},"5":{"line":55,"type":"cond-expr","locations":[{"start":{"line":56,"column":14},"end":{"line":56,"column":51}},{"start":{"line":57,"column":14},"end":{"line":57,"column":43}}]},"6":{"line":61,"type":"switch","locations":[{"start":{"line":68,"column":4},"end":{"line":150,"column":14},"skip":true},{"start":{"line":156,"column":4},"end":{"line":324,"column":14},"skip":true}]},"7":{"line":70,"type":"if","locations":[{"start":{"line":70,"column":12},"end":{"line":70,"column":12},"skip":true},{"start":{"line":70,"column":12},"end":{"line":70,"column":12},"skip":true}]},"8":{"line":70,"type":"binary-expr","locations":[{"start":{"line":70,"column":16},"end":{"line":70,"column":22},"skip":true},{"start":{"line":70,"column":27},"end":{"line":70,"column":32},"skip":true},{"start":{"line":71,"column":20},"end":{"line":71,"column":39},"skip":true},{"start":{"line":72,"column":20},"end":{"line":72,"column":49},"skip":true},{"start":{"line":73,"column":20},"end":{"line":73,"column":58},"skip":true},{"start":{"line":74,"column":20},"end":{"line":74,"column":69},"skip":true}]},"9":{"line":79,"type":"switch","locations":[{"start":{"line":80,"column":20},"end":{"line":80,"column":33},"skip":true},{"start":{"line":81,"column":20},"end":{"line":83,"column":30},"skip":true},{"start":{"line":84,"column":20},"end":{"line":85,"column":49},"skip":true}]},"10":{"line":89,"type":"switch","locations":[{"start":{"line":90,"column":12},"end":{"line":103,"column":22},"skip":true},{"start":{"line":105,"column":12},"end":{"line":106,"column":22},"skip":true}]},"11":{"line":89,"type":"binary-expr","locations":[{"start":{"line":89,"column":20},"end":{"line":89,"column":25},"skip":true},{"start":{"line":89,"column":29},"end":{"line":89,"column":48},"skip":true},{"start":{"line":89,"column":52},"end":{"line":89,"column":74},"skip":true}]},"12":{"line":92,"type":"if","locations":[{"start":{"line":92,"column":16},"end":{"line":92,"column":16},"skip":true},{"start":{"line":92,"column":16},"end":{"line":92,"column":16},"skip":true}]},"13":{"line":108,"type":"if","locations":[{"start":{"line":108,"column":12},"end":{"line":108,"column":12},"skip":true},{"start":{"line":108,"column":12},"end":{"line":108,"column":12},"skip":true}]},"14":{"line":108,"type":"binary-expr","locations":[{"start":{"line":108,"column":16},"end":{"line":108,"column":61},"skip":true},{"start":{"line":108,"column":66},"end":{"line":108,"column":72},"skip":true},{"start":{"line":108,"column":77},"end":{"line":108,"column":82},"skip":true},{"start":{"line":109,"column":20},"end":{"line":109,"column":39},"skip":true},{"start":{"line":110,"column":20},"end":{"line":110,"column":49},"skip":true},{"start":{"line":111,"column":20},"end":{"line":111,"column":58},"skip":true},{"start":{"line":112,"column":20},"end":{"line":112,"column":68},"skip":true}]},"15":{"line":129,"type":"if","locations":[{"start":{"line":129,"column":16},"end":{"line":129,"column":16},"skip":true},{"start":{"line":129,"column":16},"end":{"line":129,"column":16},"skip":true}]},"16":{"line":134,"type":"cond-expr","locations":[{"start":{"line":135,"column":26},"end":{"line":135,"column":29},"skip":true},{"start":{"line":136,"column":26},"end":{"line":136,"column":54},"skip":true}]},"17":{"line":164,"type":"binary-expr","locations":[{"start":{"line":164,"column":27},"end":{"line":164,"column":43},"skip":true},{"start":{"line":164,"column":47},"end":{"line":164,"column":49},"skip":true}]},"18":{"line":258,"type":"if","locations":[{"start":{"line":258,"column":8},"end":{"line":258,"column":8},"skip":true},{"start":{"line":258,"column":8},"end":{"line":258,"column":8},"skip":true}]},"19":{"line":275,"type":"switch","locations":[{"start":{"line":276,"column":20},"end":{"line":277,"column":64},"skip":true},{"start":{"line":278,"column":20},"end":{"line":279,"column":40},"skip":true},{"start":{"line":280,"column":20},"end":{"line":281,"column":40},"skip":true},{"start":{"line":282,"column":20},"end":{"line":283,"column":39},"skip":true}]},"20":{"line":288,"type":"if","locations":[{"start":{"line":288,"column":8},"end":{"line":288,"column":8},"skip":true},{"start":{"line":288,"column":8},"end":{"line":288,"column":8},"skip":true}]},"21":{"line":288,"type":"binary-expr","locations":[{"start":{"line":288,"column":12},"end":{"line":288,"column":40},"skip":true},{"start":{"line":288,"column":44},"end":{"line":288,"column":67},"skip":true}]},"22":{"line":292,"type":"binary-expr","locations":[{"start":{"line":292,"column":12},"end":{"line":292,"column":50},"skip":true},{"start":{"line":293,"column":12},"end":{"line":293,"column":53},"skip":true}]},"23":{"line":297,"type":"binary-expr","locations":[{"start":{"line":297,"column":12},"end":{"line":297,"column":65},"skip":true},{"start":{"line":298,"column":12},"end":{"line":301,"column":36},"skip":true}]},"24":{"line":303,"type":"binary-expr","locations":[{"start":{"line":303,"column":43},"end":{"line":303,"column":75},"skip":true},{"start":{"line":303,"column":79},"end":{"line":303,"column":81},"skip":true}]},"25":{"line":306,"type":"if","locations":[{"start":{"line":306,"column":8},"end":{"line":306,"column":8},"skip":true},{"start":{"line":306,"column":8},"end":{"line":306,"column":8},"skip":true}]},"26":{"line":310,"type":"if","locations":[{"start":{"line":310,"column":8},"end":{"line":310,"column":8},"skip":true},{"start":{"line":310,"column":8},"end":{"line":310,"column":8},"skip":true}]},"27":{"line":313,"type":"binary-expr","locations":[{"start":{"line":313,"column":27},"end":{"line":313,"column":43},"skip":true},{"start":{"line":313,"column":47},"end":{"line":313,"column":53},"skip":true}]},"28":{"line":317,"type":"if","locations":[{"start":{"line":317,"column":12},"end":{"line":317,"column":12},"skip":true},{"start":{"line":317,"column":12},"end":{"line":317,"column":12},"skip":true}]}},"code":["/*","example.js","","quickstart example","","instruction","    1. save this script as example.js","    2. run the shell command:","        $ npm install npmtest-firmata && PORT=8081 node example.js","    3. play with the browser-demo on http://127.0.0.1:8081","*/","","","","/* istanbul instrument in package npmtest_firmata */","/*jslint","    bitwise: true,","    browser: true,","    maxerr: 8,","    maxlen: 96,","    node: true,","    nomen: true,","    regexp: true,","    stupid: true","*/","(function () {","    'use strict';","    var local;","","","","    // run shared js-env code - init-before","    (function () {","        // init local","        local = {};","        // init modeJs","        local.modeJs = (function () {","            try {","                return typeof navigator.userAgent === 'string' &&","                    typeof document.querySelector('body') === 'object' &&","                    typeof XMLHttpRequest.prototype.open === 'function' &&","                    'browser';","            } catch (errorCaughtBrowser) {","                return module.exports &&","                    typeof process.versions.node === 'string' &&","                    typeof require('http').createServer === 'function' &&","                    'node';","            }","        }());","        // init global","        local.global = local.modeJs === 'browser'","            ? window","            : global;","        // init utility2_rollup","        local = local.global.utility2_rollup || (local.modeJs === 'browser'","            ? local.global.utility2_npmtest_firmata","            : global.utility2_moduleExports);","        // export local","        local.global.local = local;","    }());","    switch (local.modeJs) {","","","","    // init-after","    // run browser js-env code - init-after","    /* istanbul ignore next */","    case 'browser':","        local.testRunBrowser = function (event) {","            if (!event || (event &&","                    event.currentTarget &&","                    event.currentTarget.className &&","                    event.currentTarget.className.includes &&","                    event.currentTarget.className.includes('onreset'))) {","                // reset output","                Array.from(","                    document.querySelectorAll('body > .resettable')","                ).forEach(function (element) {","                    switch (element.tagName) {","                    case 'INPUT':","                    case 'TEXTAREA':","                        element.value = '';","                        break;","                    default:","                        element.textContent = '';","                    }","                });","            }","            switch (event && event.currentTarget && event.currentTarget.id) {","            case 'testRunButton1':","                // show tests","                if (document.querySelector('#testReportDiv1').style.display === 'none') {","                    document.querySelector('#testReportDiv1').style.display = 'block';","                    document.querySelector('#testRunButton1').textContent =","                        'hide internal test';","                    local.modeTest = true;","                    local.testRunDefault(local);","                // hide tests","                } else {","                    document.querySelector('#testReportDiv1').style.display = 'none';","                    document.querySelector('#testRunButton1').textContent = 'run internal test';","                }","                break;","            // custom-case","            default:","                break;","            }","            if (document.querySelector('#inputTextareaEval1') && (!event || (event &&","                    event.currentTarget &&","                    event.currentTarget.className &&","                    event.currentTarget.className.includes &&","                    event.currentTarget.className.includes('oneval')))) {","                // try to eval input-code","                try {","                    /*jslint evil: true*/","                    eval(document.querySelector('#inputTextareaEval1').value);","                } catch (errorCaught) {","                    console.error(errorCaught);","                }","            }","        };","        // log stderr and stdout to #outputTextareaStdout1","        ['error', 'log'].forEach(function (key) {","            console[key + '_original'] = console[key];","            console[key] = function () {","                var element;","                console[key + '_original'].apply(console, arguments);","                element = document.querySelector('#outputTextareaStdout1');","                if (!element) {","                    return;","                }","                // append text to #outputTextareaStdout1","                element.value += Array.from(arguments).map(function (arg) {","                    return typeof arg === 'string'","                        ? arg","                        : JSON.stringify(arg, null, 4);","                }).join(' ') + '\\n';","                // scroll textarea to bottom","                element.scrollTop = element.scrollHeight;","            };","        });","        // init event-handling","        ['change', 'click', 'keyup'].forEach(function (event) {","            Array.from(document.querySelectorAll('.on' + event)).forEach(function (element) {","                element.addEventListener(event, local.testRunBrowser);","            });","        });","        // run tests","        local.testRunBrowser();","        break;","","","","    // run node js-env code - init-after","    /* istanbul ignore next */","    case 'node':","        // export local","        module.exports = local;","        // require modules","        local.fs = require('fs');","        local.http = require('http');","        local.url = require('url');","        // init assets","        local.assetsDict = local.assetsDict || {};","        /* jslint-ignore-begin */","        local.assetsDict['/assets.index.template.html'] = '\\","<!doctype html>\\n\\","<html lang=\"en\">\\n\\","<head>\\n\\","<meta charset=\"UTF-8\">\\n\\","<meta name=\"viewport\" content=\"width=device-width, initial-scale=1\">\\n\\","<title>{{env.npm_package_name}} (v{{env.npm_package_version}})</title>\\n\\","<style>\\n\\","/*csslint\\n\\","    box-sizing: false,\\n\\","    universal-selector: false\\n\\","*/\\n\\","* {\\n\\","    box-sizing: border-box;\\n\\","}\\n\\","body {\\n\\","    background: #dde;\\n\\","    font-family: Arial, Helvetica, sans-serif;\\n\\","    margin: 2rem;\\n\\","}\\n\\","body > * {\\n\\","    margin-bottom: 1rem;\\n\\","}\\n\\",".utility2FooterDiv {\\n\\","    margin-top: 20px;\\n\\","    text-align: center;\\n\\","}\\n\\","</style>\\n\\","<style>\\n\\","/*csslint\\n\\","*/\\n\\","textarea {\\n\\","    font-family: monospace;\\n\\","    height: 10rem;\\n\\","    width: 100%;\\n\\","}\\n\\","textarea[readonly] {\\n\\","    background: #ddd;\\n\\","}\\n\\","</style>\\n\\","</head>\\n\\","<body>\\n\\","<!-- utility2-comment\\n\\","<div id=\"ajaxProgressDiv1\" style=\"background: #d00; height: 2px; left: 0; margin: 0; padding: 0; position: fixed; top: 0; transition: background 0.5s, width 1.5s; width: 25%;\"></div>\\n\\","utility2-comment -->\\n\\","<h1>\\n\\","<!-- utility2-comment\\n\\","    <a\\n\\","        {{#if env.npm_package_homepage}}\\n\\","        href=\"{{env.npm_package_homepage}}\"\\n\\","        {{/if env.npm_package_homepage}}\\n\\","        target=\"_blank\"\\n\\","    >\\n\\","utility2-comment -->\\n\\","        {{env.npm_package_name}} (v{{env.npm_package_version}})\\n\\","<!-- utility2-comment\\n\\","    </a>\\n\\","utility2-comment -->\\n\\","</h1>\\n\\","<h3>{{env.npm_package_description}}</h3>\\n\\","<!-- utility2-comment\\n\\","<h4><a download href=\"assets.app.js\">download standalone app</a></h4>\\n\\","<button class=\"onclick onreset\" id=\"testRunButton1\">run internal test</button><br>\\n\\","<div id=\"testReportDiv1\" style=\"display: none;\"></div>\\n\\","utility2-comment -->\\n\\","\\n\\","\\n\\","\\n\\","<label>stderr and stdout</label>\\n\\","<textarea class=\"resettable\" id=\"outputTextareaStdout1\" readonly></textarea>\\n\\","<!-- utility2-comment\\n\\","{{#if isRollup}}\\n\\","<script src=\"assets.app.js\"></script>\\n\\","{{#unless isRollup}}\\n\\","utility2-comment -->\\n\\","<script src=\"assets.utility2.rollup.js\"></script>\\n\\","<script src=\"jsonp.utility2._stateInit?callback=window.utility2._stateInit\"></script>\\n\\","<script src=\"assets.npmtest_firmata.rollup.js\"></script>\\n\\","<script src=\"assets.example.js\"></script>\\n\\","<script src=\"assets.test.js\"></script>\\n\\","<!-- utility2-comment\\n\\","{{/if isRollup}}\\n\\","utility2-comment -->\\n\\","<div class=\"utility2FooterDiv\">\\n\\","    [ this app was created with\\n\\","    <a href=\"https://github.com/kaizhu256/node-utility2\" target=\"_blank\">utility2</a>\\n\\","    ]\\n\\","</div>\\n\\","</body>\\n\\","</html>\\n\\","';","        /* jslint-ignore-end */","        if (local.templateRender) {","            local.assetsDict['/'] = local.templateRender(","                local.assetsDict['/assets.index.template.html'],","                {","                    env: local.objectSetDefault(local.env, {","                        npm_package_description: 'the greatest app in the world!',","                        npm_package_name: 'my-app',","                        npm_package_nameAlias: 'my_app',","                        npm_package_version: '0.0.1'","                    })","                }","            );","        } else {","            local.assetsDict['/'] = local.assetsDict['/assets.index.template.html']","                .replace((/\\{\\{env\\.(\\w+?)\\}\\}/g), function (match0, match1) {","                    // jslint-hack","                    String(match0);","                    switch (match1) {","                    case 'npm_package_description':","                        return 'the greatest app in the world!';","                    case 'npm_package_name':","                        return 'my-app';","                    case 'npm_package_nameAlias':","                        return 'my_app';","                    case 'npm_package_version':","                        return '0.0.1';","                    }","                });","        }","        // run the cli","        if (local.global.utility2_rollup || module !== require.main) {","            break;","        }","        local.assetsDict['/assets.example.js'] =","            local.assetsDict['/assets.example.js'] ||","            local.fs.readFileSync(__filename, 'utf8');","        // bug-workaround - long $npm_package_buildCustomOrg","        /* jslint-ignore-begin */","        local.assetsDict['/assets.npmtest_firmata.rollup.js'] =","            local.assetsDict['/assets.npmtest_firmata.rollup.js'] ||","            local.fs.readFileSync(","                local.npmtest_firmata.__dirname + '/lib.npmtest_firmata.js',","                'utf8'","            ).replace((/^#!/), '//');","        /* jslint-ignore-end */","        local.assetsDict['/favicon.ico'] = local.assetsDict['/favicon.ico'] || '';","        // if $npm_config_timeout_exit exists,","        // then exit this process after $npm_config_timeout_exit ms","        if (Number(process.env.npm_config_timeout_exit)) {","            setTimeout(process.exit, Number(process.env.npm_config_timeout_exit));","        }","        // start server","        if (local.global.utility2_serverHttp1) {","            break;","        }","        process.env.PORT = process.env.PORT || '8081';","        console.error('server starting on port ' + process.env.PORT);","        local.http.createServer(function (request, response) {","            request.urlParsed = local.url.parse(request.url);","            if (local.assetsDict[request.urlParsed.pathname] !== undefined) {","                response.end(local.assetsDict[request.urlParsed.pathname]);","                return;","            }","            response.statusCode = 404;","            response.end();","        }).listen(process.env.PORT);","        break;","    }","}());",""],"l":{"26":2,"28":2,"33":2,"35":2,"37":2,"38":2,"39":2,"44":1,"51":2,"55":2,"59":2,"61":2,"69":1,"70":2,"76":2,"79":2,"82":2,"83":2,"85":1,"89":2,"92":1,"93":1,"94":1,"96":1,"97":1,"100":1,"101":1,"103":1,"106":1,"108":2,"114":1,"116":1,"118":1,"123":1,"124":2,"125":2,"126":3,"127":3,"128":3,"129":3,"130":1,"133":3,"134":3,"139":3,"143":1,"144":3,"145":1,"149":1,"150":1,"158":1,"160":1,"161":1,"162":1,"164":1,"166":1,"258":1,"259":1,"271":1,"274":6,"275":6,"277":1,"279":2,"281":1,"283":2,"288":1,"289":1,"291":1,"296":1,"303":1,"306":1,"307":1,"310":1,"311":1,"313":1,"314":1,"315":1,"316":1,"317":1,"318":1,"319":1,"321":1,"322":1,"324":1}},"/home/travis/build/npmtest/node-npmtest-firmata/node_modules/firmata/lib/firmata.js":{"path":"/home/travis/build/npmtest/node-npmtest-firmata/node_modules/firmata/lib/firmata.js","s":{"1":1,"2":0,"3":1,"4":1,"5":1,"6":1,"7":1,"8":1,"9":1,"10":1,"11":1,"12":1,"13":1,"14":1,"15":1,"16":1,"17":1,"18":1,"19":1,"20":1,"21":1,"22":1,"23":1,"24":1,"25":1,"26":1,"27":1,"28":1,"29":1,"30":1,"31":1,"32":1,"33":1,"34":1,"35":1,"36":1,"37":1,"38":1,"39":1,"40":1,"41":1,"42":1,"43":1,"44":1,"45":1,"46":1,"47":1,"48":1,"49":1,"50":1,"51":1,"52":1,"53":1,"54":1,"55":1,"56":1,"57":1,"58":1,"59":1,"60":0,"61":0,"62":0,"63":1,"64":0,"65":0,"66":0,"67":0,"68":0,"69":0,"70":1,"71":0,"72":0,"73":0,"74":0,"75":0,"76":0,"77":0,"78":0,"79":0,"80":0,"81":0,"82":0,"83":0,"84":1,"85":1,"86":0,"87":0,"88":0,"89":0,"90":0,"91":0,"92":0,"93":0,"94":0,"95":1,"96":0,"97":0,"98":0,"99":0,"100":1,"101":0,"102":0,"103":0,"104":0,"105":0,"106":0,"107":0,"108":0,"109":0,"110":0,"111":0,"112":0,"113":0,"114":0,"115":0,"116":0,"117":0,"118":0,"119":0,"120":0,"121":0,"122":1,"123":0,"124":0,"125":0,"126":0,"127":0,"128":0,"129":0,"130":0,"131":1,"132":0,"133":0,"134":0,"135":0,"136":0,"137":0,"138":0,"139":0,"140":0,"141":1,"142":0,"143":0,"144":0,"145":0,"146":0,"147":0,"148":1,"149":0,"150":0,"151":0,"152":0,"153":1,"154":0,"155":0,"156":0,"157":1,"158":0,"159":0,"160":0,"161":1,"162":0,"163":0,"164":0,"165":0,"166":1,"167":0,"168":0,"169":1,"170":0,"171":0,"172":0,"173":0,"174":1,"175":0,"176":0,"177":1,"178":0,"179":0,"180":0,"181":0,"182":0,"183":0,"184":0,"185":1,"186":0,"187":0,"188":0,"189":0,"190":0,"191":0,"192":0,"193":0,"194":0,"195":0,"196":0,"197":0,"198":0,"199":0,"200":0,"201":0,"202":0,"203":0,"204":0,"205":0,"206":0,"207":0,"208":0,"209":0,"210":0,"211":0,"212":0,"213":0,"214":0,"215":0,"216":0,"217":0,"218":0,"219":0,"220":0,"221":0,"222":0,"223":0,"224":0,"225":0,"226":0,"227":0,"228":0,"229":0,"230":0,"231":0,"232":0,"233":0,"234":0,"235":0,"236":0,"237":0,"238":0,"239":0,"240":0,"241":0,"242":0,"243":0,"244":0,"245":0,"246":0,"247":0,"248":0,"249":0,"250":0,"251":0,"252":0,"253":0,"254":0,"255":0,"256":0,"257":0,"258":0,"259":0,"260":0,"261":0,"262":0,"263":0,"264":0,"265":1,"266":0,"267":0,"268":0,"269":0,"270":0,"271":0,"272":0,"273":0,"274":0,"275":0,"276":0,"277":0,"278":0,"279":0,"280":0,"281":0,"282":0,"283":0,"284":0,"285":0,"286":0,"287":0,"288":0,"289":0,"290":1,"291":1,"292":0,"293":0,"294":0,"295":1,"296":0,"297":0,"298":1,"299":0,"300":0,"301":1,"302":0,"303":0,"304":1,"305":0,"306":0,"307":0,"308":0,"309":0,"310":0,"311":0,"312":0,"313":0,"314":0,"315":0,"316":0,"317":0,"318":0,"319":0,"320":0,"321":0,"322":1,"323":1,"324":0,"325":0,"326":0,"327":0,"328":0,"329":0,"330":0,"331":0,"332":0,"333":0,"334":0,"335":0,"336":0,"337":0,"338":1,"339":0,"340":1,"341":0,"342":0,"343":1,"344":0,"345":0,"346":0,"347":0,"348":0,"349":0,"350":0,"351":1,"352":0,"353":0,"354":1,"355":0,"356":0,"357":1,"358":0,"359":0,"360":1,"361":0,"362":0,"363":1,"364":0,"365":0,"366":0,"367":0,"368":0,"369":0,"370":0,"371":0,"372":0,"373":1,"374":0,"375":0,"376":0,"377":0,"378":0,"379":0,"380":0,"381":0,"382":0,"383":0,"384":1,"385":0,"386":1,"387":0,"388":0,"389":0,"390":0,"391":0,"392":0,"393":0,"394":0,"395":0,"396":0,"397":0,"398":0,"399":0,"400":0,"401":0,"402":0,"403":0,"404":1,"405":0,"406":0,"407":0,"408":0,"409":0,"410":0,"411":0,"412":1,"413":0,"414":0,"415":0,"416":0,"417":0,"418":0,"419":0,"420":0,"421":0,"422":0,"423":0,"424":0,"425":0,"426":0,"427":0,"428":1,"429":0,"430":0,"431":1,"432":0,"433":0,"434":1,"435":0,"436":0,"437":0,"438":0,"439":0,"440":0,"441":0,"442":0,"443":0,"444":0,"445":0,"446":0,"447":0,"448":0,"449":1,"450":0,"451":0,"452":0,"453":0,"454":0,"455":0,"456":0,"457":0,"458":1,"459":0,"460":0,"461":0,"462":0,"463":0,"464":0,"465":0,"466":0,"467":0,"468":0,"469":0,"470":0,"471":0,"472":0,"473":1,"474":0,"475":1,"476":0,"477":1,"478":0,"479":1,"480":0,"481":0,"482":0,"483":0,"484":0,"485":0,"486":1,"487":0,"488":0,"489":0,"490":0,"491":0,"492":0,"493":1,"494":0,"495":1,"496":0,"497":1,"498":0,"499":1,"500":0,"501":0,"502":0,"503":0,"504":0,"505":0,"506":1,"507":0,"508":0,"509":0,"510":0,"511":0,"512":0,"513":0,"514":0,"515":0,"516":0,"517":0,"518":0,"519":0,"520":0,"521":0,"522":0,"523":0,"524":0,"525":0,"526":0,"527":0,"528":0,"529":0,"530":0,"531":0,"532":1,"533":0,"534":0,"535":0,"536":1,"537":0,"538":1,"539":0,"540":0,"541":0,"542":1,"543":0,"544":0,"545":0,"546":0,"547":1,"548":0,"549":0,"550":0,"551":0,"552":0,"553":0,"554":0,"555":0,"556":0,"557":0,"558":1,"559":0,"560":0,"561":0,"562":0,"563":0,"564":1,"565":0,"566":0,"567":0,"568":0,"569":0,"570":0,"571":0,"572":0,"573":0,"574":0,"575":1,"576":0,"577":0,"578":0,"579":0,"580":0,"581":0,"582":0,"583":0,"584":0,"585":0,"586":0,"587":0,"588":0,"589":0,"590":0,"591":0,"592":0,"593":0,"594":0,"595":0,"596":1,"597":0,"598":0,"599":0,"600":0,"601":0,"602":0,"603":0,"604":1,"605":0,"606":0,"607":0,"608":0,"609":0,"610":0,"611":0,"612":0,"613":1,"614":0,"615":0,"616":1,"617":0,"618":1,"619":0,"620":1,"621":0,"622":0,"623":0,"624":1,"625":0,"626":0,"627":0,"628":0,"629":0,"630":1,"631":0,"632":0,"633":0,"634":0,"635":0,"636":0,"637":0,"638":1,"639":0,"640":1,"641":0,"642":0,"643":0,"644":0,"645":1,"646":0,"647":0,"648":0,"649":0,"650":0,"651":0,"652":0,"653":1,"654":1,"655":1,"656":1,"657":0,"658":0,"659":0,"660":0,"661":0,"662":1,"663":0,"664":0,"665":0,"666":0,"667":0,"668":0,"669":0,"670":0,"671":1,"672":0,"673":0,"674":0,"675":1},"b":{"1":[0,1],"2":[1,1],"3":[0,0],"4":[0,0],"5":[0,0,0],"6":[0,0],"7":[0,0],"8":[0,0],"9":[0,0],"10":[0,0],"11":[0,0],"12":[0,0],"13":[0,0],"14":[0,0],"15":[0,0],"16":[0,0],"17":[0,0],"18":[0,0],"19":[0,0],"20":[0,0],"21":[0,0],"22":[0,0],"23":[0,0],"24":[0,0],"25":[0,0],"26":[0,0],"27":[0,0],"28":[0,0],"29":[0,0],"30":[0,0],"31":[0,0],"32":[0,0],"33":[0,0],"34":[0,0],"35":[0,0],"36":[0,0],"37":[0,0],"38":[0,0,0],"39":[0,0],"40":[0,0],"41":[0,0],"42":[0,0],"43":[0,0],"44":[0,0],"45":[0,0],"46":[0,0],"47":[0,0],"48":[0,0],"49":[0,0],"50":[0,0],"51":[0,0],"52":[0,0],"53":[0,0],"54":[0,0],"55":[0,0],"56":[0,0],"57":[0,0],"58":[0,0],"59":[0,0],"60":[0,0],"61":[0,0],"62":[0,0],"63":[0,0],"64":[0,0],"65":[0,0],"66":[0,0],"67":[0,0],"68":[0,0],"69":[0,0],"70":[0,0],"71":[0,0],"72":[0,0],"73":[0,0],"74":[0,0],"75":[0,0],"76":[0,0],"77":[0,0],"78":[0,0,0],"79":[0,0],"80":[0,0],"81":[0,0],"82":[0,0,0],"83":[0,0],"84":[0,0],"85":[0,0],"86":[0,0],"87":[0,0],"88":[0,0,0],"89":[0,0],"90":[0,0],"91":[0,0],"92":[0,0],"93":[0,0],"94":[0,0,0,0,0],"95":[0,0],"96":[0,0],"97":[0,0],"98":[0,0],"99":[0,0],"100":[0,0],"101":[0,0],"102":[0,0],"103":[0,0],"104":[0,0],"105":[0,0],"106":[0,0],"107":[0,0],"108":[0,0],"109":[0,0],"110":[0,0],"111":[0,0],"112":[0,0],"113":[0,0],"114":[0,0],"115":[0,0],"116":[0,0],"117":[0,0],"118":[0,0],"119":[0,0],"120":[0,0,0],"121":[0,0],"122":[0,0],"123":[0,0],"124":[0,0],"125":[0,0],"126":[0,0],"127":[0,0],"128":[0,0],"129":[0,0],"130":[0,0],"131":[0,0],"132":[0,0],"133":[0,1]},"f":{"1":0,"2":0,"3":0,"4":0,"5":0,"6":0,"7":0,"8":0,"9":0,"10":0,"11":0,"12":0,"13":0,"14":0,"15":0,"16":0,"17":0,"18":0,"19":0,"20":0,"21":0,"22":0,"23":0,"24":0,"25":0,"26":0,"27":0,"28":0,"29":0,"30":0,"31":0,"32":0,"33":0,"34":0,"35":0,"36":0,"37":0,"38":0,"39":0,"40":0,"41":0,"42":0,"43":0,"44":0,"45":0,"46":0,"47":0,"48":0,"49":0,"50":0,"51":0,"52":0,"53":0,"54":0,"55":0,"56":0,"57":0,"58":0,"59":0,"60":0,"61":0,"62":0,"63":0,"64":0,"65":0,"66":0,"67":0,"68":0,"69":0,"70":0,"71":0,"72":0,"73":0,"74":0,"75":0,"76":0,"77":0,"78":0,"79":0,"80":0,"81":0,"82":0,"83":0,"84":0,"85":0,"86":0,"87":0,"88":0,"89":0,"90":0,"91":0,"92":0,"93":0,"94":0,"95":0,"96":0,"97":0,"98":0,"99":0,"100":0,"101":0},"fnMap":{"1":{"name":"(anonymous_1)","line":89,"loc":{"start":{"line":89,"column":32},"end":{"line":89,"column":48}}},"2":{"name":"(anonymous_2)","line":101,"loc":{"start":{"line":101,"column":32},"end":{"line":101,"column":48}}},"3":{"name":"(anonymous_3)","line":128,"loc":{"start":{"line":128,"column":33},"end":{"line":128,"column":49}}},"4":{"name":"(anonymous_4)","line":169,"loc":{"start":{"line":169,"column":33},"end":{"line":169,"column":49}}},"5":{"name":"(anonymous_5)","line":197,"loc":{"start":{"line":197,"column":38},"end":{"line":197,"column":54}}},"6":{"name":"(anonymous_6)","line":199,"loc":{"start":{"line":199,"column":43},"end":{"line":199,"column":57}}},"7":{"name":"supportedModes","line":204,"loc":{"start":{"line":204,"column":2},"end":{"line":204,"column":38}}},"8":{"name":"(anonymous_8)","line":205,"loc":{"start":{"line":205,"column":24},"end":{"line":205,"column":53}}},"9":{"name":"(anonymous_9)","line":264,"loc":{"start":{"line":264,"column":37},"end":{"line":264,"column":54}}},"10":{"name":"(anonymous_10)","line":283,"loc":{"start":{"line":283,"column":42},"end":{"line":283,"column":58}}},"11":{"name":"(anonymous_11)","line":304,"loc":{"start":{"line":304,"column":28},"end":{"line":304,"column":44}}},"12":{"name":"(anonymous_12)","line":316,"loc":{"start":{"line":316,"column":31},"end":{"line":316,"column":47}}},"13":{"name":"(anonymous_13)","line":326,"loc":{"start":{"line":326,"column":39},"end":{"line":326,"column":55}}},"14":{"name":"(anonymous_14)","line":333,"loc":{"start":{"line":333,"column":46},"end":{"line":333,"column":62}}},"15":{"name":"(anonymous_15)","line":340,"loc":{"start":{"line":340,"column":37},"end":{"line":340,"column":53}}},"16":{"name":"(anonymous_16)","line":354,"loc":{"start":{"line":354,"column":30},"end":{"line":354,"column":46}}},"17":{"name":"(anonymous_17)","line":363,"loc":{"start":{"line":363,"column":28},"end":{"line":363,"column":44}}},"18":{"name":"(anonymous_18)","line":383,"loc":{"start":{"line":383,"column":26},"end":{"line":383,"column":42}}},"19":{"name":"(anonymous_19)","line":396,"loc":{"start":{"line":396,"column":33},"end":{"line":396,"column":49}}},"20":{"name":"Board","line":429,"loc":{"start":{"line":429,"column":0},"end":{"line":429,"column":40}}},"21":{"name":"(anonymous_21)","line":560,"loc":{"start":{"line":560,"column":29},"end":{"line":560,"column":40}}},"22":{"name":"(anonymous_22)","line":564,"loc":{"start":{"line":564,"column":34},"end":{"line":564,"column":45}}},"23":{"name":"(anonymous_23)","line":568,"loc":{"start":{"line":568,"column":28},"end":{"line":568,"column":39}}},"24":{"name":"(anonymous_24)","line":574,"loc":{"start":{"line":574,"column":29},"end":{"line":574,"column":45}}},"25":{"name":"(anonymous_25)","line":582,"loc":{"start":{"line":582,"column":28},"end":{"line":582,"column":43}}},"26":{"name":"(anonymous_26)","line":688,"loc":{"start":{"line":688,"column":43},"end":{"line":688,"column":54}}},"27":{"name":"(anonymous_27)","line":691,"loc":{"start":{"line":691,"column":25},"end":{"line":691,"column":36}}},"28":{"name":"(anonymous_28)","line":692,"loc":{"start":{"line":692,"column":25},"end":{"line":692,"column":36}}},"29":{"name":"ready","line":696,"loc":{"start":{"line":696,"column":2},"end":{"line":696,"column":19}}},"30":{"name":"(anonymous_30)","line":706,"loc":{"start":{"line":706,"column":29},"end":{"line":706,"column":40}}},"31":{"name":"(anonymous_31)","line":709,"loc":{"start":{"line":709,"column":31},"end":{"line":709,"column":42}}},"32":{"name":"(anonymous_32)","line":740,"loc":{"start":{"line":740,"column":31},"end":{"line":740,"column":42}}},"33":{"name":"writeToTransport","line":765,"loc":{"start":{"line":765,"column":0},"end":{"line":765,"column":39}}},"34":{"name":"(anonymous_34)","line":767,"loc":{"start":{"line":767,"column":42},"end":{"line":767,"column":53}}},"35":{"name":"(anonymous_35)","line":777,"loc":{"start":{"line":777,"column":32},"end":{"line":777,"column":51}}},"36":{"name":"(anonymous_36)","line":787,"loc":{"start":{"line":787,"column":32},"end":{"line":787,"column":51}}},"37":{"name":"(anonymous_37)","line":798,"loc":{"start":{"line":798,"column":29},"end":{"line":798,"column":53}}},"38":{"name":"(anonymous_38)","line":809,"loc":{"start":{"line":809,"column":27},"end":{"line":809,"column":48}}},"39":{"name":"(anonymous_39)","line":851,"loc":{"start":{"line":851,"column":30},"end":{"line":851,"column":54}}},"40":{"name":"(anonymous_40)","line":902,"loc":{"start":{"line":902,"column":29},"end":{"line":902,"column":50}}},"41":{"name":"(anonymous_41)","line":914,"loc":{"start":{"line":914,"column":26},"end":{"line":914,"column":46}}},"42":{"name":"(anonymous_42)","line":925,"loc":{"start":{"line":925,"column":31},"end":{"line":925,"column":52}}},"43":{"name":"(anonymous_43)","line":951,"loc":{"start":{"line":951,"column":30},"end":{"line":951,"column":54}}},"44":{"name":"(anonymous_44)","line":961,"loc":{"start":{"line":961,"column":36},"end":{"line":961,"column":55}}},"45":{"name":"(anonymous_45)","line":971,"loc":{"start":{"line":971,"column":37},"end":{"line":971,"column":56}}},"46":{"name":"(anonymous_46)","line":982,"loc":{"start":{"line":982,"column":32},"end":{"line":982,"column":56}}},"47":{"name":"(anonymous_47)","line":992,"loc":{"start":{"line":992,"column":29},"end":{"line":992,"column":46}}},"48":{"name":"i2cRequest","line":1006,"loc":{"start":{"line":1006,"column":0},"end":{"line":1006,"column":34}}},"49":{"name":"(anonymous_49)","line":1043,"loc":{"start":{"line":1043,"column":32},"end":{"line":1043,"column":48}}},"50":{"name":"(anonymous_50)","line":1060,"loc":{"start":{"line":1060,"column":28},"end":{"line":1060,"column":46}}},"51":{"name":"(anonymous_51)","line":1124,"loc":{"start":{"line":1124,"column":38},"end":{"line":1124,"column":68}}},"52":{"name":"(anonymous_52)","line":1161,"loc":{"start":{"line":1161,"column":27},"end":{"line":1161,"column":70}}},"53":{"name":"(anonymous_53)","line":1222,"loc":{"start":{"line":1222,"column":30},"end":{"line":1222,"column":64}}},"54":{"name":"(anonymous_54)","line":1246,"loc":{"start":{"line":1246,"column":37},"end":{"line":1246,"column":75}}},"55":{"name":"(anonymous_55)","line":1270,"loc":{"start":{"line":1270,"column":26},"end":{"line":1270,"column":77}}},"56":{"name":"(anonymous_56)","line":1320,"loc":{"start":{"line":1320,"column":26},"end":{"line":1320,"column":44}}},"57":{"name":"(anonymous_57)","line":1343,"loc":{"start":{"line":1343,"column":36},"end":{"line":1343,"column":52}}},"58":{"name":"(anonymous_58)","line":1366,"loc":{"start":{"line":1366,"column":30},"end":{"line":1366,"column":81}}},"59":{"name":"(anonymous_59)","line":1415,"loc":{"start":{"line":1415,"column":36},"end":{"line":1415,"column":72}}},"60":{"name":"(anonymous_60)","line":1433,"loc":{"start":{"line":1433,"column":36},"end":{"line":1433,"column":60}}},"61":{"name":"(anonymous_61)","line":1444,"loc":{"start":{"line":1444,"column":42},"end":{"line":1444,"column":66}}},"62":{"name":"(anonymous_62)","line":1448,"loc":{"start":{"line":1448,"column":37},"end":{"line":1448,"column":74}}},"63":{"name":"(anonymous_63)","line":1451,"loc":{"start":{"line":1451,"column":33},"end":{"line":1451,"column":44}}},"64":{"name":"(anonymous_64)","line":1455,"loc":{"start":{"line":1455,"column":19},"end":{"line":1455,"column":37}}},"65":{"name":"(anonymous_65)","line":1471,"loc":{"start":{"line":1471,"column":34},"end":{"line":1471,"column":82}}},"66":{"name":"(anonymous_66)","line":1474,"loc":{"start":{"line":1474,"column":31},"end":{"line":1474,"column":42}},"skip":true},"67":{"name":"(anonymous_67)","line":1478,"loc":{"start":{"line":1478,"column":147},"end":{"line":1478,"column":162}}},"68":{"name":"(anonymous_68)","line":1489,"loc":{"start":{"line":1489,"column":35},"end":{"line":1489,"column":49}}},"69":{"name":"(anonymous_69)","line":1503,"loc":{"start":{"line":1503,"column":35},"end":{"line":1503,"column":63}}},"70":{"name":"(anonymous_70)","line":1513,"loc":{"start":{"line":1513,"column":35},"end":{"line":1513,"column":56}}},"71":{"name":"(anonymous_71)","line":1529,"loc":{"start":{"line":1529,"column":42},"end":{"line":1529,"column":96}}},"72":{"name":"(anonymous_72)","line":1532,"loc":{"start":{"line":1532,"column":31},"end":{"line":1532,"column":42}},"skip":true},"73":{"name":"(anonymous_73)","line":1536,"loc":{"start":{"line":1536,"column":206},"end":{"line":1536,"column":221}}},"74":{"name":"(anonymous_74)","line":1544,"loc":{"start":{"line":1544,"column":38},"end":{"line":1544,"column":140}}},"75":{"name":"(anonymous_75)","line":1573,"loc":{"start":{"line":1573,"column":24},"end":{"line":1573,"column":39}}},"76":{"name":"(anonymous_76)","line":1594,"loc":{"start":{"line":1594,"column":38},"end":{"line":1594,"column":57}}},"77":{"name":"(anonymous_77)","line":1612,"loc":{"start":{"line":1612,"column":38},"end":{"line":1612,"column":49}}},"78":{"name":"(anonymous_78)","line":1622,"loc":{"start":{"line":1622,"column":34},"end":{"line":1622,"column":55}}},"79":{"name":"(anonymous_79)","line":1636,"loc":{"start":{"line":1636,"column":35},"end":{"line":1636,"column":56}}},"80":{"name":"(anonymous_80)","line":1650,"loc":{"start":{"line":1650,"column":27},"end":{"line":1650,"column":52}}},"81":{"name":"(anonymous_81)","line":1708,"loc":{"start":{"line":1708,"column":32},"end":{"line":1708,"column":126}}},"82":{"name":"(anonymous_82)","line":1741,"loc":{"start":{"line":1741,"column":30},"end":{"line":1741,"column":99}}},"83":{"name":"(anonymous_83)","line":1778,"loc":{"start":{"line":1778,"column":31},"end":{"line":1778,"column":49}}},"84":{"name":"(anonymous_84)","line":1825,"loc":{"start":{"line":1825,"column":30},"end":{"line":1825,"column":56}}},"85":{"name":"(anonymous_85)","line":1852,"loc":{"start":{"line":1852,"column":29},"end":{"line":1852,"column":72}}},"86":{"name":"(anonymous_86)","line":1879,"loc":{"start":{"line":1879,"column":29},"end":{"line":1879,"column":46}}},"87":{"name":"(anonymous_87)","line":1896,"loc":{"start":{"line":1896,"column":30},"end":{"line":1896,"column":47}}},"88":{"name":"(anonymous_88)","line":1912,"loc":{"start":{"line":1912,"column":30},"end":{"line":1912,"column":47}}},"89":{"name":"(anonymous_89)","line":1928,"loc":{"start":{"line":1928,"column":31},"end":{"line":1928,"column":48}}},"90":{"name":"(anonymous_90)","line":1956,"loc":{"start":{"line":1956,"column":32},"end":{"line":1956,"column":63}}},"91":{"name":"(anonymous_91)","line":1961,"loc":{"start":{"line":1961,"column":38},"end":{"line":1961,"column":54}}},"92":{"name":"(anonymous_92)","line":1979,"loc":{"start":{"line":1979,"column":31},"end":{"line":1979,"column":49}}},"93":{"name":"(anonymous_93)","line":1999,"loc":{"start":{"line":1999,"column":24},"end":{"line":1999,"column":35}}},"94":{"name":"(anonymous_94)","line":2009,"loc":{"start":{"line":2009,"column":25},"end":{"line":2009,"column":40}}},"95":{"name":"(anonymous_95)","line":2024,"loc":{"start":{"line":2024,"column":20},"end":{"line":2024,"column":39}}},"96":{"name":"(anonymous_96)","line":2025,"loc":{"start":{"line":2025,"column":11},"end":{"line":2025,"column":34}}},"97":{"name":"(anonymous_97)","line":2026,"loc":{"start":{"line":2026,"column":26},"end":{"line":2026,"column":41}}},"98":{"name":"(anonymous_98)","line":2046,"loc":{"start":{"line":2046,"column":15},"end":{"line":2046,"column":30}}},"99":{"name":"(anonymous_99)","line":2060,"loc":{"start":{"line":2060,"column":15},"end":{"line":2060,"column":30}}},"100":{"name":"(anonymous_100)","line":2080,"loc":{"start":{"line":2080,"column":27},"end":{"line":2080,"column":43}}},"101":{"name":"(anonymous_101)","line":2083,"loc":{"start":{"line":2083,"column":17},"end":{"line":2083,"column":20}}}},"statementMap":{"1":{"start":{"line":4,"column":0},"end":{"line":6,"column":1}},"2":{"start":{"line":5,"column":2},"end":{"line":5,"column":22}},"3":{"start":{"line":9,"column":0},"end":{"line":9,"column":45}},"4":{"start":{"line":12,"column":0},"end":{"line":12,"column":43}},"5":{"start":{"line":13,"column":0},"end":{"line":13,"column":45}},"6":{"start":{"line":14,"column":0},"end":{"line":14,"column":27}},"7":{"start":{"line":17,"column":0},"end":{"line":17,"column":26}},"8":{"start":{"line":23,"column":0},"end":{"line":23,"column":32}},"9":{"start":{"line":24,"column":0},"end":{"line":24,"column":35}},"10":{"start":{"line":25,"column":0},"end":{"line":25,"column":26}},"11":{"start":{"line":26,"column":0},"end":{"line":26,"column":28}},"12":{"start":{"line":27,"column":0},"end":{"line":27,"column":31}},"13":{"start":{"line":28,"column":0},"end":{"line":28,"column":27}},"14":{"start":{"line":29,"column":0},"end":{"line":29,"column":21}},"15":{"start":{"line":30,"column":0},"end":{"line":30,"column":27}},"16":{"start":{"line":31,"column":0},"end":{"line":31,"column":22}},"17":{"start":{"line":32,"column":0},"end":{"line":32,"column":21}},"18":{"start":{"line":33,"column":0},"end":{"line":33,"column":23}},"19":{"start":{"line":34,"column":0},"end":{"line":34,"column":25}},"20":{"start":{"line":35,"column":0},"end":{"line":35,"column":27}},"21":{"start":{"line":36,"column":0},"end":{"line":36,"column":34}},"22":{"start":{"line":37,"column":0},"end":{"line":37,"column":24}},"23":{"start":{"line":38,"column":0},"end":{"line":38,"column":37}},"24":{"start":{"line":39,"column":0},"end":{"line":39,"column":30}},"25":{"start":{"line":40,"column":0},"end":{"line":40,"column":36}},"26":{"start":{"line":41,"column":0},"end":{"line":41,"column":37}},"27":{"start":{"line":42,"column":0},"end":{"line":42,"column":39}},"28":{"start":{"line":43,"column":0},"end":{"line":43,"column":41}},"29":{"start":{"line":44,"column":0},"end":{"line":44,"column":32}},"30":{"start":{"line":45,"column":0},"end":{"line":45,"column":34}},"31":{"start":{"line":46,"column":0},"end":{"line":46,"column":41}},"32":{"start":{"line":47,"column":0},"end":{"line":47,"column":37}},"33":{"start":{"line":48,"column":0},"end":{"line":48,"column":20}},"34":{"start":{"line":49,"column":0},"end":{"line":49,"column":27}},"35":{"start":{"line":50,"column":0},"end":{"line":50,"column":30}},"36":{"start":{"line":51,"column":0},"end":{"line":51,"column":21}},"37":{"start":{"line":52,"column":0},"end":{"line":52,"column":20}},"38":{"start":{"line":53,"column":0},"end":{"line":53,"column":21}},"39":{"start":{"line":54,"column":0},"end":{"line":54,"column":26}},"40":{"start":{"line":55,"column":0},"end":{"line":55,"column":25}},"41":{"start":{"line":56,"column":0},"end":{"line":56,"column":26}},"42":{"start":{"line":57,"column":0},"end":{"line":57,"column":26}},"43":{"start":{"line":58,"column":0},"end":{"line":58,"column":29}},"44":{"start":{"line":59,"column":0},"end":{"line":59,"column":24}},"45":{"start":{"line":60,"column":0},"end":{"line":60,"column":26}},"46":{"start":{"line":61,"column":0},"end":{"line":61,"column":25}},"47":{"start":{"line":62,"column":0},"end":{"line":62,"column":24}},"48":{"start":{"line":63,"column":0},"end":{"line":63,"column":23}},"49":{"start":{"line":64,"column":0},"end":{"line":64,"column":24}},"50":{"start":{"line":65,"column":0},"end":{"line":65,"column":24}},"51":{"start":{"line":66,"column":0},"end":{"line":66,"column":24}},"52":{"start":{"line":67,"column":0},"end":{"line":67,"column":25}},"53":{"start":{"line":68,"column":0},"end":{"line":68,"column":23}},"54":{"start":{"line":69,"column":0},"end":{"line":69,"column":19}},"55":{"start":{"line":70,"column":0},"end":{"line":70,"column":23}},"56":{"start":{"line":71,"column":0},"end":{"line":71,"column":24}},"57":{"start":{"line":73,"column":0},"end":{"line":73,"column":24}},"58":{"start":{"line":81,"column":0},"end":{"line":81,"column":23}},"59":{"start":{"line":89,"column":0},"end":{"line":93,"column":2}},"60":{"start":{"line":90,"column":2},"end":{"line":90,"column":47}},"61":{"start":{"line":91,"column":2},"end":{"line":91,"column":47}},"62":{"start":{"line":92,"column":2},"end":{"line":92,"column":30}},"63":{"start":{"line":101,"column":0},"end":{"line":115,"column":2}},"64":{"start":{"line":102,"column":2},"end":{"line":102,"column":42}},"65":{"start":{"line":103,"column":2},"end":{"line":103,"column":69}},"66":{"start":{"line":106,"column":2},"end":{"line":108,"column":3}},"67":{"start":{"line":107,"column":4},"end":{"line":107,"column":52}},"68":{"start":{"line":110,"column":2},"end":{"line":110,"column":42}},"69":{"start":{"line":111,"column":2},"end":{"line":114,"column":5}},"70":{"start":{"line":128,"column":0},"end":{"line":153,"column":2}},"71":{"start":{"line":129,"column":2},"end":{"line":129,"column":45}},"72":{"start":{"line":130,"column":2},"end":{"line":130,"column":73}},"73":{"start":{"line":132,"column":2},"end":{"line":152,"column":3}},"74":{"start":{"line":133,"column":4},"end":{"line":133,"column":33}},"75":{"start":{"line":134,"column":4},"end":{"line":134,"column":36}},"76":{"start":{"line":135,"column":4},"end":{"line":135,"column":21}},"77":{"start":{"line":137,"column":4},"end":{"line":151,"column":5}},"78":{"start":{"line":138,"column":6},"end":{"line":138,"column":51}},"79":{"start":{"line":140,"column":6},"end":{"line":144,"column":7}},"80":{"start":{"line":141,"column":8},"end":{"line":141,"column":33}},"81":{"start":{"line":143,"column":8},"end":{"line":143,"column":34}},"82":{"start":{"line":146,"column":6},"end":{"line":146,"column":57}},"83":{"start":{"line":147,"column":6},"end":{"line":150,"column":9}},"84":{"start":{"line":161,"column":0},"end":{"line":161,"column":24}},"85":{"start":{"line":169,"column":0},"end":{"line":189,"column":2}},"86":{"start":{"line":170,"column":2},"end":{"line":170,"column":46}},"87":{"start":{"line":171,"column":2},"end":{"line":171,"column":56}},"88":{"start":{"line":172,"column":2},"end":{"line":172,"column":15}},"89":{"start":{"line":173,"column":2},"end":{"line":173,"column":17}},"90":{"start":{"line":175,"column":2},"end":{"line":178,"column":3}},"91":{"start":{"line":176,"column":4},"end":{"line":176,"column":97}},"92":{"start":{"line":177,"column":4},"end":{"line":177,"column":38}},"93":{"start":{"line":180,"column":2},"end":{"line":186,"column":4}},"94":{"start":{"line":188,"column":2},"end":{"line":188,"column":30}},"95":{"start":{"line":197,"column":0},"end":{"line":252,"column":2}},"96":{"start":{"line":198,"column":2},"end":{"line":198,"column":23}},"97":{"start":{"line":199,"column":2},"end":{"line":201,"column":5}},"98":{"start":{"line":200,"column":4},"end":{"line":200,"column":28}},"99":{"start":{"line":202,"column":2},"end":{"line":202,"column":21}},"100":{"start":{"line":204,"column":2},"end":{"line":211,"column":3}},"101":{"start":{"line":205,"column":4},"end":{"line":210,"column":11}},"102":{"start":{"line":206,"column":6},"end":{"line":208,"column":7}},"103":{"start":{"line":207,"column":8},"end":{"line":207,"column":25}},"104":{"start":{"line":209,"column":6},"end":{"line":209,"column":19}},"105":{"start":{"line":214,"column":2},"end":{"line":249,"column":3}},"106":{"start":{"line":215,"column":4},"end":{"line":248,"column":5}},"107":{"start":{"line":216,"column":6},"end":{"line":226,"column":7}},"108":{"start":{"line":217,"column":8},"end":{"line":222,"column":11}},"109":{"start":{"line":223,"column":8},"end":{"line":223,"column":23}},"110":{"start":{"line":224,"column":8},"end":{"line":224,"column":14}},"111":{"start":{"line":225,"column":8},"end":{"line":225,"column":17}},"112":{"start":{"line":227,"column":6},"end":{"line":246,"column":7}},"113":{"start":{"line":228,"column":8},"end":{"line":228,"column":38}},"114":{"start":{"line":229,"column":8},"end":{"line":229,"column":59}},"115":{"start":{"line":230,"column":8},"end":{"line":230,"column":34}},"116":{"start":{"line":233,"column":8},"end":{"line":235,"column":9}},"117":{"start":{"line":234,"column":10},"end":{"line":234,"column":44}},"118":{"start":{"line":238,"column":8},"end":{"line":240,"column":9}},"119":{"start":{"line":239,"column":10},"end":{"line":239,"column":44}},"120":{"start":{"line":247,"column":6},"end":{"line":247,"column":13}},"121":{"start":{"line":251,"column":2},"end":{"line":251,"column":33}},"122":{"start":{"line":264,"column":0},"end":{"line":275,"column":2}},"123":{"start":{"line":265,"column":2},"end":{"line":265,"column":35}},"124":{"start":{"line":266,"column":2},"end":{"line":266,"column":48}},"125":{"start":{"line":267,"column":2},"end":{"line":267,"column":49}},"126":{"start":{"line":268,"column":2},"end":{"line":270,"column":3}},"127":{"start":{"line":269,"column":4},"end":{"line":269,"column":59}},"128":{"start":{"line":271,"column":2},"end":{"line":273,"column":3}},"129":{"start":{"line":272,"column":4},"end":{"line":272,"column":60}},"130":{"start":{"line":274,"column":2},"end":{"line":274,"column":33}},"131":{"start":{"line":283,"column":0},"end":{"line":295,"column":2}},"132":{"start":{"line":284,"column":2},"end":{"line":284,"column":14}},"133":{"start":{"line":285,"column":2},"end":{"line":285,"column":19}},"134":{"start":{"line":286,"column":2},"end":{"line":293,"column":3}},"135":{"start":{"line":287,"column":4},"end":{"line":287,"column":42}},"136":{"start":{"line":288,"column":4},"end":{"line":288,"column":49}},"137":{"start":{"line":289,"column":4},"end":{"line":291,"column":5}},"138":{"start":{"line":290,"column":6},"end":{"line":290,"column":33}},"139":{"start":{"line":292,"column":4},"end":{"line":292,"column":10}},"140":{"start":{"line":294,"column":2},"end":{"line":294,"column":37}},"141":{"start":{"line":304,"column":0},"end":{"line":314,"column":2}},"142":{"start":{"line":305,"column":2},"end":{"line":305,"column":17}},"143":{"start":{"line":306,"column":2},"end":{"line":306,"column":89}},"144":{"start":{"line":307,"column":2},"end":{"line":307,"column":90}},"145":{"start":{"line":309,"column":2},"end":{"line":311,"column":3}},"146":{"start":{"line":310,"column":4},"end":{"line":310,"column":75}},"147":{"start":{"line":313,"column":2},"end":{"line":313,"column":61}},"148":{"start":{"line":316,"column":0},"end":{"line":324,"column":2}},"149":{"start":{"line":317,"column":2},"end":{"line":317,"column":42}},"150":{"start":{"line":319,"column":2},"end":{"line":321,"column":3}},"151":{"start":{"line":320,"column":4},"end":{"line":320,"column":11}},"152":{"start":{"line":323,"column":2},"end":{"line":323,"column":36}},"153":{"start":{"line":326,"column":0},"end":{"line":331,"column":2}},"154":{"sta
[...]
"503":0,"521":0,"532":0,"538":0,"539":0,"540":0,"541":0,"542":0,"543":0,"544":0,"545":0,"546":0,"547":0,"548":0,"549":0,"551":0,"552":0,"554":0,"558":0,"560":0,"561":0,"564":0,"565":0,"568":0,"569":0,"571":0,"574":0,"575":0,"576":0,"578":0,"582":0,"583":0,"585":0,"586":0,"588":0,"589":0,"591":0,"593":0,"594":0,"597":0,"599":0,"604":0,"605":0,"628":0,"630":0,"632":0,"633":0,"634":0,"635":0,"639":0,"643":0,"648":0,"653":0,"660":0,"662":0,"665":0,"670":0,"671":0,"672":0,"674":0,"678":1,"688":0,"690":0,"691":0,"692":0,"696":1,"697":0,"698":0,"700":0,"701":0,"706":0,"707":0,"708":0,"709":0,"713":0,"714":0,"716":0,"717":0,"718":0,"720":0,"721":0,"722":0,"723":0,"724":0,"726":0,"735":0,"736":0,"738":0,"740":0,"741":0,"748":1,"765":1,"766":0,"767":0,"768":0,"777":1,"778":0,"779":0,"787":1,"788":0,"789":0,"798":1,"799":0,"800":0,"809":1,"810":0,"812":0,"814":0,"815":0,"816":0,"817":0,"818":0,"819":0,"821":0,"822":0,"825":0,"826":0,"829":0,"830":0,"833":0,"835":0,"838":0,"841":1,"851":1,"852":0,"854":0,"855":0,"856":0,"857":0,"858":0,"861":0,"862":0,"865":0,"866":0,"869":0,"870":0,"882":0,"884":0,"902":1,"905":0,"914":1,"915":0,"916":0,"925":1,"926":0,"927":0,"929":0,"931":0,"932":0,"934":0,"937":0,"951":1,"952":0,"953":0,"961":1,"962":0,"963":0,"971":1,"972":0,"973":0,"982":1,"983":0,"984":0,"992":1,"993":0,"994":0,"995":0,"996":0,"997":0,"998":0,"999":0,"1001":0,"1003":0,"1006":1,"1007":0,"1009":0,"1010":0,"1014":0,"1015":0,"1018":0,"1019":0,"1026":0,"1029":0,"1033":0,"1043":1,"1044":0,"1060":1,"1061":0,"1062":0,"1064":0,"1065":0,"1070":0,"1073":0,"1074":0,"1076":0,"1077":0,"1081":0,"1082":0,"1083":0,"1092":0,"1093":0,"1106":0,"1108":0,"1115":0,"1124":1,"1125":0,"1127":1,"1129":0,"1136":0,"1137":0,"1142":0,"1144":0,"1161":1,"1172":0,"1173":0,"1181":0,"1185":0,"1189":0,"1190":0,"1191":0,"1192":0,"1194":0,"1198":0,"1200":0,"1201":0,"1206":0,"1208":0,"1210":0,"1222":1,"1223":0,"1235":0,"1246":1,"1247":0,"1255":0,"1270":1,"1272":0,"1275":0,"1276":0,"1277":0,"1280":0,"1281":0,"1288":0,"1289":0,"1293":0,"1296":0,"1298":0,"1303":0,"1305":0,"1307":0,"1320":1,"1325":0,"1326":0,"1329":0,"1330":0,"1335":0,"1343":0,"1344":0,"1345":0,"1366":1,"1368":0,"1371":0,"1372":0,"1373":0,"1376":0,"1377":0,"1384":0,"1385":0,"1389":0,"1392":0,"1394":0,"1399":0,"1401":0,"1403":0,"1415":1,"1416":0,"1433":1,"1434":0,"1444":1,"1445":0,"1448":1,"1449":0,"1451":0,"1453":1,"1455":0,"1456":0,"1457":0,"1471":1,"1472":0,"1474":1,"1476":1,"1478":0,"1479":0,"1480":0,"1489":1,"1490":0,"1503":1,"1504":0,"1513":1,"1514":0,"1529":1,"1530":0,"1532":1,"1534":1,"1536":0,"1537":0,"1539":0,"1544":1,"1545":0,"1547":0,"1548":0,"1551":0,"1552":0,"1555":0,"1556":0,"1557":0,"1560":0,"1561":0,"1562":0,"1565":0,"1566":0,"1567":0,"1568":0,"1569":0,"1572":0,"1573":0,"1574":0,"1578":0,"1579":0,"1580":0,"1582":0,"1584":0,"1585":0,"1594":1,"1595":0,"1596":0,"1597":0,"1612":1,"1613":0,"1622":1,"1624":0,"1625":0,"1626":0,"1636":1,"1637":0,"1639":0,"1640":0,"1641":0,"1650":1,"1652":0,"1653":0,"1656":0,"1657":0,"1658":0,"1659":0,"1660":0,"1666":0,"1673":0,"1689":0,"1708":1,"1709":0,"1719":0,"1720":0,"1722":0,"1723":0,"1741":1,"1742":0,"1743":0,"1744":0,"1745":0,"1748":0,"1757":0,"1758":0,"1763":0,"1764":0,"1765":0,"1778":1,"1780":0,"1781":0,"1782":0,"1783":0,"1786":0,"1787":0,"1788":0,"1789":0,"1790":0,"1794":0,"1795":0,"1798":0,"1800":0,"1808":0,"1809":0,"1810":0,"1811":0,"1812":0,"1815":0,"1816":0,"1825":1,"1826":0,"1831":0,"1832":0,"1833":0,"1835":0,"1837":0,"1838":0,"1852":1,"1853":0,"1860":0,"1861":0,"1863":0,"1864":0,"1867":0,"1868":0,"1870":0,"1879":1,"1880":0,"1888":0,"1896":1,"1897":0,"1912":1,"1913":0,"1928":1,"1930":0,"1931":0,"1933":0,"1956":1,"1957":0,"1958":0,"1961":0,"1962":0,"1965":0,"1979":1,"1981":0,"1982":0,"1985":0,"1987":0,"1988":0,"1990":0,"1991":0,"1999":1,"2000":0,"2009":1,"2010":0,"2012":0,"2013":0,"2016":0,"2024":1,"2025":0,"2026":0,"2027":0,"2028":0,"2032":0,"2033":0,"2035":0,"2041":1,"2042":1,"2043":1,"2046":1,"2047":0,"2048":0,"2050":0,"2051":0,"2057":0,"2060":1,"2061":0,"2063":0,"2064":0,"2067":0,"2068":0,"2069":0,"2070":0,"2073":0,"2077":1,"2078":0,"2081":0,"2084":0,"2089":1}},"/home/travis/build/npmtest/node-npmtest-firmata/node_modules/firmata/lib/encoder7bit.js":{"path":"/home/travis/build/npmtest/node-npmtest-firmata/node_modules/firmata/lib/encoder7bit.js","s":{"1":1,"2":0,"3":0,"4":0,"5":0,"6":0,"7":0,"8":0,"9":0,"10":0,"11":0,"12":0,"13":0,"14":0,"15":0,"16":0,"17":0,"18":0,"19":0,"20":0,"21":0,"22":0,"23":0,"24":0,"25":0,"26":0},"b":{"1":[0,0],"2":[0,0],"3":[0,0]},"f":{"1":0,"2":0,"3":0},"fnMap":{"1":{"name":"(anonymous_1)","line":6,"loc":{"start":{"line":6,"column":15},"end":{"line":6,"column":30}}},"2":{"name":"(anonymous_2)","line":11,"loc":{"start":{"line":11,"column":17},"end":{"line":11,"column":32}}},"3":{"name":"(anonymous_3)","line":34,"loc":{"start":{"line":34,"column":17},"end":{"line":34,"column":35}}}},"statementMap":{"1":{"start":{"line":5,"column":0},"end":{"line":47,"column":2}},"2":{"start":{"line":7,"column":4},"end":{"line":7,"column":18}},"3":{"start":{"line":8,"column":4},"end":{"line":8,"column":21}},"4":{"start":{"line":9,"column":4},"end":{"line":9,"column":20}},"5":{"start":{"line":11,"column":4},"end":{"line":26,"column":7}},"6":{"start":{"line":12,"column":6},"end":{"line":25,"column":7}},"7":{"start":{"line":13,"column":8},"end":{"line":13,"column":33}},"8":{"start":{"line":14,"column":8},"end":{"line":14,"column":16}},"9":{"start":{"line":15,"column":8},"end":{"line":15,"column":29}},"10":{"start":{"line":17,"column":8},"end":{"line":17,"column":57}},"11":{"start":{"line":18,"column":8},"end":{"line":24,"column":9}},"12":{"start":{"line":19,"column":10},"end":{"line":19,"column":33}},"13":{"start":{"line":20,"column":10},"end":{"line":20,"column":20}},"14":{"start":{"line":22,"column":10},"end":{"line":22,"column":18}},"15":{"start":{"line":23,"column":10},"end":{"line":23,"column":41}},"16":{"start":{"line":28,"column":4},"end":{"line":30,"column":5}},"17":{"start":{"line":29,"column":6},"end":{"line":29,"column":28}},"18":{"start":{"line":32,"column":4},"end":{"line":32,"column":18}},"19":{"start":{"line":35,"column":4},"end":{"line":35,"column":50}},"20":{"start":{"line":36,"column":4},"end":{"line":36,"column":21}},"21":{"start":{"line":38,"column":4},"end":{"line":43,"column":5}},"22":{"start":{"line":39,"column":6},"end":{"line":39,"column":21}},"23":{"start":{"line":40,"column":6},"end":{"line":40,"column":36}},"24":{"start":{"line":41,"column":6},"end":{"line":41,"column":24}},"25":{"start":{"line":42,"column":6},"end":{"line":42,"column":88}},"26":{"start":{"line":45,"column":4},"end":{"line":45,"column":19}}},"branchMap":{"1":{"line":12,"type":"if","locations":[{"start":{"line":12,"column":6},"end":{"line":12,"column":6}},{"start":{"line":12,"column":6},"end":{"line":12,"column":6}}]},"2":{"line":18,"type":"if","locations":[{"start":{"line":18,"column":8},"end":{"line":18,"column":8}},{"start":{"line":18,"column":8},"end":{"line":18,"column":8}}]},"3":{"line":28,"type":"if","locations":[{"start":{"line":28,"column":4},"end":{"line":28,"column":4}},{"start":{"line":28,"column":4},"end":{"line":28,"column":4}}]}},"code":["/**"," * \"Inspired\" by Encoder7Bit.h/Encoder7Bit.cpp in the"," * Firmata source code."," */","module.exports = {","  to7BitArray: function(data) {","    var shift = 0;","    var previous = 0;","    var output = [];","","    data.forEach(function(byte) {","      if (shift === 0) {","        output.push(byte & 0x7f);","        shift++;","        previous = byte >> 7;","      } else {","        output.push(((byte << shift) & 0x7f) | previous);","        if (shift === 6) {","          output.push(byte >> 1);","          shift = 0;","        } else {","          shift++;","          previous = byte >> (8 - shift);","        }","      }","    });","","    if (shift > 0) {","      output.push(previous);","    }","","    return output;","  },","  from7BitArray: function(encoded) {","    var expectedBytes = (encoded.length) * 7 >> 3;","    var decoded = [];","","    for (var i = 0; i < expectedBytes; i++) {","      var j = i << 3;","      var pos = parseInt(j / 7, 10);","      var shift = j % 7;","      decoded[i] = (encoded[pos] >> shift) | ((encoded[pos + 1] << (7 - shift)) & 0xFF);","    }","","    return decoded;","  }","};",""],"l":{"5":1,"7":0,"8":0,"9":0,"11":0,"12":0,"13":0,"14":0,"15":0,"17":0,"18":0,"19":0,"20":0,"22":0,"23":0,"28":0,"29":0,"32":0,"35":0,"36":0,"38":0,"39":0,"40":0,"41":0,"42":0,"45":0}},"/home/travis/build/npmtest/node-npmtest-firmata/node_modules/firmata/lib/onewireutils.js":{"path":"/home/travis/build/npmtest/node-npmtest-firmata/node_modules/firmata/lib/onewireutils.js","s":{"1":1,"2":1,"3":0,"4":0,"5":0,"6":0,"7":0,"8":0,"9":0,"10":0,"11":0,"12":0,"13":0,"14":0,"15":0,"16":0,"17":0,"18":0,"19":0,"20":0,"21":0,"22":0,"23":0,"24":1},"b":{"1":[0,0],"2":[0,0],"3":[0,0]},"f":{"1":0,"2":0},"fnMap":{"1":{"name":"(anonymous_1)","line":4,"loc":{"start":{"line":4,"column":8},"end":{"line":4,"column":23}}},"2":{"name":"(anonymous_2)","line":24,"loc":{"start":{"line":24,"column":15},"end":{"line":24,"column":30}}}},"statementMap":{"1":{"start":{"line":1,"column":0},"end":{"line":1,"column":43}},"2":{"start":{"line":3,"column":0},"end":{"line":46,"column":2}},"3":{"start":{"line":5,"column":4},"end":{"line":5,"column":16}},"4":{"start":{"line":7,"column":4},"end":{"line":20,"column":5}},"5":{"start":{"line":8,"column":6},"end":{"line":8,"column":27}},"6":{"start":{"line":10,"column":6},"end":{"line":19,"column":7}},"7":{"start":{"line":11,"column":8},"end":{"line":11,"column":40}},"8":{"start":{"line":12,"column":8},"end":{"line":12,"column":18}},"9":{"start":{"line":14,"column":8},"end":{"line":16,"column":9}},"10":{"start":{"line":15,"column":10},"end":{"line":15,"column":22}},"11":{"start":{"line":18,"column":8},"end":{"line":18,"column":21}},"12":{"start":{"line":21,"column":4},"end":{"line":21,"column":15}},"13":{"start":{"line":25,"column":4},"end":{"line":25,"column":54}},"14":{"start":{"line":26,"column":4},"end":{"line":26,"column":21}},"15":{"start":{"line":28,"column":4},"end":{"line":42,"column":5}},"16":{"start":{"line":29,"column":6},"end":{"line":29,"column":47}},"17":{"start":{"line":31,"column":6},"end":{"line":33,"column":7}},"18":{"start":{"line":32,"column":8},"end":{"line":32,"column":17}},"19":{"start":{"line":35,"column":6},"end":{"line":35,"column":56}},"20":{"start":{"line":37,"column":6},"end":{"line":39,"column":7}},"21":{"start":{"line":38,"column":8},"end":{"line":38,"column":38}},"22":{"start":{"line":41,"column":6},"end":{"line":41,"column":27}},"23":{"start":{"line":44,"column":4},"end":{"line":44,"column":19}},"24":{"start":{"line":48,"column":0},"end":{"line":48,"column":30}}},"branchMap":{"1":{"line":14,"type":"if","locations":[{"start":{"line":14,"column":8},"end":{"line":14,"column":8}},{"start":{"line":14,"column":8},"end":{"line":14,"column":8}}]},"2":{"line":31,"type":"if","locations":[{"start":{"line":31,"column":6},"end":{"line":31,"column":6}},{"start":{"line":31,"column":6},"end":{"line":31,"column":6}}]},"3":{"line":37,"type":"if","locations":[{"start":{"line":37,"column":6},"end":{"line":37,"column":6}},{"start":{"line":37,"column":6},"end":{"line":37,"column":6}}]}},"code":["var Encoder7Bit = require(\"./encoder7bit\");","","var OneWireUtils = {","  crc8: function(data) {","    var crc = 0;","","    for (var i = 0; i < data.length; i++) {","      var inbyte = data[i];","","      for (var n = 8; n; n--) {","        var mix = (crc ^ inbyte) & 0x01;","        crc >>= 1;","","        if (mix) {","          crc ^= 0x8C;","        }","","        inbyte >>= 1;","      }","    }","    return crc;","  },","","  readDevices: function(data) {","    var deviceBytes = Encoder7Bit.from7BitArray(data);","    var devices = [];","","    for (var i = 0; i < deviceBytes.length; i += 8) {","      var device = deviceBytes.slice(i, i + 8);","","      if (device.length !== 8) {","        continue;","      }","","      var check = OneWireUtils.crc8(device.slice(0, 7));","","      if (check !== device[7]) {","        console.error(\"ROM invalid!\");","      }","","      devices.push(device);","    }","","    return devices;","  }","};","","module.exports = OneWireUtils;",""],"l":{"1":1,"3":1,"5":0,"7":0,"8":0,"10":0,"11":0,"12":0,"14":0,"15":0,"18":0,"21":0,"25":0,"26":0,"28":0,"29":0,"31":0,"32":0,"35":0,"37":0,"38":0,"41":0,"44":0,"48":1}},"/home/travis/build/npmtest/node-npmtest-firmata/node_modules/firmata/lib/com.js":{"path":"/home/travis/build/npmtest/node-npmtest-firmata/node_modules/firmata/lib/com.js","s":{"1":1,"2":1,"3":0,"4":1,"5":1,"6":0,"7":0,"8":0,"9":0,"10":1,"11":0,"12":1,"13":1,"14":1,"15":1,"16":1,"17":0,"18":1,"19":0,"20":1,"21":1,"22":1,"23":0,"24":0,"25":0,"26":0,"27":0,"28":1},"b":{"1":[0,0],"2":[0,1],"3":[1,1],"4":[0,1],"5":[0,1],"6":[0,0]},"f":{"1":0,"2":0,"3":0,"4":0},"fnMap":{"1":{"name":"Mock","line":3,"loc":{"start":{"line":3,"column":0},"end":{"line":3,"column":20}}},"2":{"name":"(anonymous_2)","line":13,"loc":{"start":{"line":13,"column":23},"end":{"line":13,"column":41}}},"3":{"name":"(anonymous_3)","line":26,"loc":{"start":{"line":26,"column":23},"end":{"line":26,"column":35}},"skip":true},"4":{"name":"(anonymous_4)","line":34,"loc":{"start":{"line":34,"column":8},"end":{"line":34,"column":19}}}},"statementMap":{"1":{"start":{"line":1,"column":0},"end":{"line":1,"column":45}},"2":{"start":{"line":3,"column":0},"end":{"line":5,"column":1}},"3":{"start":{"line":4,"column":2},"end":{"line":4,"column":24}},"4":{"start":{"line":7,"column":0},"end":{"line":11,"column":3}},"5":{"start":{"line":13,"column":0},"end":{"line":23,"column":2}},"6":{"start":{"line":17,"column":2},"end":{"line":19,"column":3}},"7":{"start":{"line":18,"column":4},"end":{"line":18,"column":51}},"8":{"start":{"line":21,"column":2},"end":{"line":21,"column":26}},"9":{"start":{"line":22,"column":2},"end":{"line":22,"column":29}},"10":{"start":{"line":26,"column":0},"end":{"line":28,"column":2},"skip":true},"11":{"start":{"line":27,"column":2},"end":{"line":27,"column":23},"skip":true},"12":{"start":{"line":30,"column":0},"end":{"line":30,"column":8}},"13":{"start":{"line":31,"column":0},"end":{"line":31,"column":7}},"14":{"start":{"line":32,"column":0},"end":{"line":35,"column":2}},"15":{"start":{"line":37,"column":0},"end":{"line":53,"column":16}},"16":{"start":{"line":39,"column":2},"end":{"line":52,"column":3}},"17":{"start":{"line":40,"column":4},"end":{"line":40,"column":40},"skip":true},"18":{"start":{"line":43,"column":4},"end":{"line":51,"column":5}},"19":{"start":{"line":44,"column":6},"end":{"line":44,"column":17}},"20":{"start":{"line":46,"column":6},"end":{"line":46,"column":33},"skip":true},"21":{"start":{"line":47,"column":6},"end":{"line":50,"column":8},"skip":true},"22":{"start":{"line":57,"column":0},"end":{"line":65,"column":1}},"23":{"start":{"line":58,"column":2},"end":{"line":64,"column":3},"skip":true},"24":{"start":{"line":59,"column":4},"end":{"line":59,"column":15},"skip":true},"25":{"start":{"line":61,"column":4},"end":{"line":61,"column":190},"skip":true},"26":{"start":{"line":62,"column":4},"end":{"line":62,"column":64},"skip":true},"27":{"start":{"line":63,"column":4},"end":{"line":63,"column":42},"skip":true},"28":{"start":{"line":67,"column":0},"end":{"line":67,"column":21}}},"branchMap":{"1":{"line":17,"type":"if","locations":[{"start":{"line":17,"column":2},"end":{"line":17,"column":2}},{"start":{"line":17,"column":2},"end":{"line":17,"column":2}}]},"2":{"line":39,"type":"if","locations":[{"start":{"line":39,"column":2},"end":{"line":39,"column":2},"skip":true},{"start":{"line":39,"column":2},"end":{"line":39,"column":2}}]},"3":{"line":39,"type":"binary-expr","locations":[{"start":{"line":39,"column":6},"end":{"line":39,"column":21}},{"start":{"line":39,"column":25},"end":{"line":39,"column":64}}]},"4":{"line":43,"type":"if","locations":[{"start":{"line":43,"column":4},"end":{"line":43,"column":4}},{"start":{"line":43,"column":4},"end":{"line":43,"column":4},"skip":true}]},"5":{"line":57,"type":"if","locations":[{"start":{"line":57,"column":0},"end":{"line":57,"column":0},"skip":true},{"start":{"line":57,"column":0},"end":{"line":57,"column":0}}]},"6":{"line":58,"type":"if","locations":[{"start":{"line":58,"column":2},"end":{"line":58,"column":2},"skip":true},{"start":{"line":58,"column":2},"end":{"line":58,"column":2},"skip":true}]}},"code":["var Emitter = require(\"events\").EventEmitter;","","function Mock(path) {","  this.isClosed = false;","}","","Mock.prototype = Object.create(Emitter.prototype, {","  constructor: {","    value: Mock","  }","});","","Mock.prototype.write = function (buffer) {","  // Tests are written to work with arrays not buffers","  // this shouldn\"t impact the data, just the container","  // This also should be changed in future test rewrites","  if (Buffer.isBuffer(buffer)) {","    buffer = Array.prototype.slice.call(buffer, 0);","  }","","  this.lastWrite = buffer;","  this.emit(\"write\", buffer);","};","","/* istanbul ignore next */","Mock.prototype.close = function () {","  this.isClosed = true;","};","","var com;","var sp;","var stub = {","  SerialPort: Mock,","  list: function() {},","};","","try {","  /* istanbul ignore if */","  if (process.browser || parseFloat(process.versions.nw) >= 0.13) {","    com = require(\"browser-serialport\");","  } else {","    /* istanbul ignore else */","    if (process.env.IS_TEST_MODE) {","      com = stub;","    } else {","      sp = require(\"serialport\");","      com = {","        SerialPort: sp,","        list: sp.list,","      };","    }","  }","} catch (err) {}","","","/* istanbul ignore if */","if (com == null) {","  if (process.env.IS_TEST_MODE) {","    com = stub;","  } else {","    console.log(\"It looks like serialport didn't compile properly. This is a common problem and its fix is well documented here https://github.com/voodootikigod/node-serialport#to-install\");","    console.log(\"The result of requiring the package is: \", sp);","    throw \"Missing serialport dependency\";","  }","}","","module.exports = com;",""],"l":{"1":1,"3":1,"4":0,"7":1,"13":1,"17":0,"18":0,"21":0,"22":0,"26":1,"27":1,"30":1,"31":1,"32":1,"37":1,"39":1,"40":1,"43":1,"44":0,"46":1,"47":1,"57":1,"58":1,"59":1,"61":1,"62":1,"63":1,"67":1}},"/home/travis/build/npmtest/node-npmtest-firmata/node_modules/firmata/repl.js":{"path":"/home/travis/build/npmtest/node-npmtest-firmata/node_modules/firmata/repl.js","s":{"1":1,"2":1,"3":1,"4":1,"5":1,"6":0,"7":0,"8":0,"9":0},"b":{},"f":{"1":0,"2":0},"fnMap":{"1":{"name":"(anonymous_1)","line":8,"loc":{"start":{"line":8,"column":27},"end":{"line":8,"column":43}}},"2":{"name":"(anonymous_2)","line":10,"loc":{"start":{"line":10,"column":40},"end":{"line":10,"column":51}}}},"statementMap":{"1":{"start":{"line":3,"column":0},"end":{"line":4,"column":27}},"2":{"start":{"line":5,"column":0},"end":{"line":5,"column":47}},"3":{"start":{"line":6,"column":0},"end":{"line":6,"column":23}},"4":{"start":{"line":7,"column":0},"end":{"line":7,"column":34}},"5":{"start":{"line":8,"column":0},"end":{"line":14,"column":3}},"6":{"start":{"line":9,"column":4},"end":{"line":9,"column":39}},"7":{"start":{"line":10,"column":4},"end":{"line":13,"column":7}},"8":{"start":{"line":11,"column":8},"end":{"line":11,"column":57}},"9":{"start":{"line":12,"column":8},"end":{"line":12,"column":53}}},"branchMap":{},"code":["//#!/usr/bin/env node","","var firmata = require('./lib/firmata.js'),","    repl = require('repl');","console.log('Enter USB Port and press enter:');","process.stdin.resume();","process.stdin.setEncoding('utf8');","process.stdin.once('data', function(chunk) {","    var port = chunk.replace('\\n', '');","    var board = new firmata.Board(port, function() {","        console.log('Successfully Connected to ' + port);","        repl.start('firmata>').context.board = board;","    });","});"],"l":{"3":1,"5":1,"6":1,"7":1,"8":1,"9":0,"10":0,"11":0,"12":0}}}